# JRE version: Java(TM) SE Runtime Environment (23.0.2+7) (build 23.0.2+7-58)
# Java VM: Java HotSpot(TM) 64-Bit Server VM (23.0.2+7-58, mixed mode, sharing, tiered, compressed oops, compressed class ptrs, g1 gc, windows-amd64)
GC Precious Log:
 CardTable entry size: 512
 Card Set container configuration: InlinePtr #cards 4 size 8 Array Of Cards #cards 16 size 48 Howl #buckets 8 coarsen threshold 3686 Howl Bitmap #cards 512 size 80 coarsen threshold 460 Card regions per heap region 1 cards per card region 4096
 CPUs: 16 total, 16 available
 Memory: 16123M
 Large Page Support: Disabled
 NUMA Support: Disabled
 Compressed Oops: Enabled (Zero based)
 Heap Region Size: 2M
 Heap Min Capacity: 8M
 Heap Initial Capacity: 252M
 Heap Max Capacity: 4032M
 Pre-touch: Disabled
 Parallel Workers: 13
 Concurrent Workers: 3
 Concurrent Refinement Workers: 13
 Periodic GC: Disabled
Heap:
 garbage-first heap   total reserved 4128768K, committed 266240K, used 154148K [0x0000000704000000, 0x0000000800000000)
  region size 2048K, 51 young (104448K), 1 survivors (2048K)
 Metaspace       used 75509K, committed 76224K, reserved 1179648K
  class space    used 10622K, committed 10944K, reserved 1048576K
GC Heap History (20 events):
Event: 7.168 GC heap before
{Heap before GC invocations=13 (full 0):
 garbage-first heap   total reserved 4128768K, committed 65536K, used 56510K [0x0000000704000000, 0x0000000800000000)
  region size 2048K, 14 young (28672K), 1 survivors (2048K)
 Metaspace       used 65436K, committed 66112K, reserved 1114112K
  class space    used 9168K, committed 9472K, reserved 1048576K
}
Event: 7.173 GC heap after
{Heap after GC invocations=14 (full 0):
 garbage-first heap   total reserved 4128768K, committed 65536K, used 32290K [0x0000000704000000, 0x0000000800000000)
  region size 2048K, 2 young (4096K), 2 survivors (4096K)
 Metaspace       used 65436K, committed 66112K, reserved 1114112K
  class space    used 9168K, committed 9472K, reserved 1048576K
}
Event: 7.253 GC heap before
{Heap before GC invocations=14 (full 0):
 garbage-first heap   total reserved 4128768K, committed 65536K, used 54818K [0x0000000704000000, 0x0000000800000000)
  region size 2048K, 13 young (26624K), 2 survivors (4096K)
 Metaspace       used 65488K, committed 66176K, reserved 1114112K
  class space    used 9173K, committed 9472K, reserved 1048576K
}
Event: 7.263 GC heap after
{Heap after GC invocations=15 (full 0):
 garbage-first heap   total reserved 4128768K, committed 65536K, used 36490K [0x0000000704000000, 0x0000000800000000)
  region size 2048K, 2 young (4096K), 2 survivors (4096K)
 Metaspace       used 65488K, committed 66176K, reserved 1114112K
  class space    used 9173K, committed 9472K, reserved 1048576K
}
Event: 7.431 GC heap before
{Heap before GC invocations=15 (full 0):
 garbage-first heap   total reserved 4128768K, committed 65536K, used 52874K [0x0000000704000000, 0x0000000800000000)
  region size 2048K, 11 young (22528K), 2 survivors (4096K)
 Metaspace       used 66764K, committed 67392K, reserved 1114112K
  class space    used 9410K, committed 9664K, reserved 1048576K
}
Event: 7.438 GC heap after
{Heap after GC invocations=16 (full 0):
 garbage-first heap   total reserved 4128768K, committed 65536K, used 40221K [0x0000000704000000, 0x0000000800000000)
  region size 2048K, 2 young (4096K), 2 survivors (4096K)
 Metaspace       used 66764K, committed 67392K, reserved 1114112K
  class space    used 9410K, committed 9664K, reserved 1048576K
}
Event: 7.551 GC heap before
{Heap before GC invocations=17 (full 0):
 garbage-first heap   total reserved 4128768K, committed 69632K, used 54557K [0x0000000704000000, 0x0000000800000000)
  region size 2048K, 9 young (18432K), 2 survivors (4096K)
 Metaspace       used 67223K, committed 67840K, reserved 1114112K
  class space    used 9553K, committed 9792K, reserved 1048576K
}
Event: 7.558 GC heap after
{Heap after GC invocations=18 (full 0):
 garbage-first heap   total reserved 4128768K, committed 69632K, used 45042K [0x0000000704000000, 0x0000000800000000)
  region size 2048K, 2 young (4096K), 2 survivors (4096K)
 Metaspace       used 67223K, committed 67840K, reserved 1114112K
  class space    used 9553K, committed 9792K, reserved 1048576K
}
Event: 7.582 GC heap before
{Heap before GC invocations=18 (full 0):
 garbage-first heap   total reserved 4128768K, committed 69632K, used 59378K [0x0000000704000000, 0x0000000800000000)
  region size 2048K, 9 young (18432K), 2 survivors (4096K)
 Metaspace       used 67227K, committed 67840K, reserved 1114112K
  class space    used 9553K, committed 9792K, reserved 1048576K
}
Event: 7.593 GC heap after
{Heap after GC invocations=19 (full 0):
 garbage-first heap   total reserved 4128768K, committed 114688K, used 48652K [0x0000000704000000, 0x0000000800000000)
  region size 2048K, 2 young (4096K), 2 survivors (4096K)
 Metaspace       used 67227K, committed 67840K, reserved 1114112K
  class space    used 9553K, committed 9792K, reserved 1048576K
}
Event: 7.654 GC heap before
{Heap before GC invocations=19 (full 0):
 garbage-first heap   total reserved 4128768K, committed 114688K, used 87564K [0x0000000704000000, 0x0000000800000000)
  region size 2048K, 21 young (43008K), 2 survivors (4096K)
 Metaspace       used 67232K, committed 67840K, reserved 1114112K
  class space    used 9553K, committed 9792K, reserved 1048576K
}
Event: 7.671 GC heap after
{Heap after GC invocations=20 (full 0):
 garbage-first heap   total reserved 4128768K, committed 114688K, used 61433K [0x0000000704000000, 0x0000000800000000)
  region size 2048K, 3 young (6144K), 3 survivors (6144K)
 Metaspace       used 67232K, committed 67840K, reserved 1114112K
  class space    used 9553K, committed 9792K, reserved 1048576K
}
Event: 7.778 GC heap before
{Heap before GC invocations=20 (full 0):
 garbage-first heap   total reserved 4128768K, committed 114688K, used 90105K [0x0000000704000000, 0x0000000800000000)
  region size 2048K, 17 young (34816K), 3 survivors (6144K)
 Metaspace       used 68688K, committed 69376K, reserved 1114112K
  class space    used 9737K, committed 10048K, reserved 1048576K
}
Event: 7.788 GC heap after
{Heap after GC invocations=21 (full 0):
 garbage-first heap   total reserved 4128768K, committed 114688K, used 65536K [0x0000000704000000, 0x0000000800000000)
  region size 2048K, 2 young (4096K), 2 survivors (4096K)
 Metaspace       used 68688K, committed 69376K, reserved 1114112K
  class space    used 9737K, committed 10048K, reserved 1048576K
}
Event: 8.093 GC heap before
{Heap before GC invocations=21 (full 0):
 garbage-first heap   total reserved 4128768K, committed 114688K, used 94208K [0x0000000704000000, 0x0000000800000000)
  region size 2048K, 16 young (32768K), 2 survivors (4096K)
 Metaspace       used 69499K, committed 70144K, reserved 1114112K
  class space    used 9856K, committed 10112K, reserved 1048576K
}
Event: 8.096 GC heap after
{Heap after GC invocations=22 (full 0):
 garbage-first heap   total reserved 4128768K, committed 114688K, used 67345K [0x0000000704000000, 0x0000000800000000)
  region size 2048K, 2 young (4096K), 2 survivors (4096K)
 Metaspace       used 69499K, committed 70144K, reserved 1114112K
  class space    used 9856K, committed 10112K, reserved 1048576K
}
Event: 8.159 GC heap before
{Heap before GC invocations=23 (full 0):
 garbage-first heap   total reserved 4128768K, committed 114688K, used 91921K [0x0000000704000000, 0x0000000800000000)
  region size 2048K, 15 young (30720K), 2 survivors (4096K)
 Metaspace       used 69499K, committed 70144K, reserved 1114112K
  class space    used 9856K, committed 10112K, reserved 1048576K
}
Event: 8.162 GC heap after
{Heap after GC invocations=24 (full 0):
 garbage-first heap   total reserved 4128768K, committed 114688K, used 65802K [0x0000000704000000, 0x0000000800000000)
  region size 2048K, 1 young (2048K), 1 survivors (2048K)
 Metaspace       used 69499K, committed 70144K, reserved 1114112K
  class space    used 9856K, committed 10112K, reserved 1048576K
}
Event: 8.231 GC heap before
{Heap before GC invocations=24 (full 0):
 garbage-first heap   total reserved 4128768K, committed 114688K, used 96522K [0x0000000704000000, 0x0000000800000000)
  region size 2048K, 16 young (32768K), 1 survivors (2048K)
 Metaspace       used 69554K, committed 70208K, reserved 1114112K
  class space    used 9870K, committed 10112K, reserved 1048576K
}
Event: 8.234 GC heap after
{Heap after GC invocations=25 (full 0):
 garbage-first heap   total reserved 4128768K, committed 266240K, used 55844K [0x0000000704000000, 0x0000000800000000)
  region size 2048K, 1 young (2048K), 1 survivors (2048K)
 Metaspace       used 69554K, committed 70208K, reserved 1114112K
  class space    used 9870K, committed 10112K, reserved 1048576K
}

