# JRE version: OpenJDK Runtime Environment Temurin-21.0.7+6 (21.0.7+6) (build 21.0.7+6-LTS)
# Java VM: OpenJDK 64-Bit Server VM Temurin-21.0.7+6 (21.0.7+6-LTS, mixed mode, sharing, tiered, compressed oops, compressed class ptrs, parallel gc, windows-amd64)
GC Precious Log:
 CardTable entry size: 512
 CPUs: 16 total, 16 available
 Memory: 16123M
 Large Page Support: Disabled
 NUMA Support: Disabled
 Compressed Oops: Enabled (32-bit)
 Alignments: Space 512K, Generation 512K, Heap 2M
 Heap Min Capacity: 100M
 Heap Initial Capacity: 100M
 Heap Max Capacity: 2G
 Pre-touch: Disabled
 Parallel Workers: 13
Heap:
 PSYoungGen      total 9216K, used 3870K [0x00000000d5580000, 0x00000000d6200000, 0x0000000100000000)
  eden space 7680K, 36% used [0x00000000d5580000,0x00000000d583fb48,0x00000000d5d00000)
  from space 1536K, 68% used [0x00000000d6080000,0x00000000d6188000,0x00000000d6200000)
  to   space 1536K, 0% used [0x00000000d5f00000,0x00000000d5f00000,0x00000000d6080000)
 ParOldGen       total 1105408K, used 1104957K [0x0000000080000000, 0x00000000c3780000, 0x00000000d5580000)
  object space 1105408K, 99% used [0x0000000080000000,0x00000000c370f558,0x00000000c3780000)
 Metaspace       used 82677K, committed 84288K, reserved 1179648K
  class space    used 8070K, committed 8832K, reserved 1048576K
GC Heap History (20 events):
Event: 43.946 GC heap before
{Heap before GC invocations=2747 (full 4):
 PSYoungGen      total 5120K, used 4640K [0x00000000d5580000, 0x00000000d5b80000, 0x0000000100000000)
  eden space 4096K, 100% used [0x00000000d5580000,0x00000000d5980000,0x00000000d5980000)
  from space 1024K, 53% used [0x00000000d5a80000,0x00000000d5b08000,0x00000000d5b80000)
  to   space 1024K, 0% used [0x00000000d5980000,0x00000000d5980000,0x00000000d5a80000)
 ParOldGen       total 1061888K, used 1061803K [0x0000000080000000, 0x00000000c0d00000, 0x00000000d5580000)
  object space 1061888K, 99% used [0x0000000080000000,0x00000000c0ceafc8,0x00000000c0d00000)
 Metaspace       used 82608K, committed 84224K, reserved 1179648K
  class space    used 8066K, committed 8832K, reserved 1048576K
}
Event: 43.947 GC heap after
{Heap after GC invocations=2747 (full 4):
 PSYoungGen      total 5120K, used 800K [0x00000000d5580000, 0x00000000d5c80000, 0x0000000100000000)
  eden space 4096K, 0% used [0x00000000d5580000,0x00000000d5580000,0x00000000d5980000)
  from space 1024K, 78% used [0x00000000d5980000,0x00000000d5a48000,0x00000000d5a80000)
  to   space 1024K, 0% used [0x00000000d5b80000,0x00000000d5b80000,0x00000000d5c80000)
 ParOldGen       total 1062400K, used 1062147K [0x0000000080000000, 0x00000000c0d80000, 0x00000000d5580000)
  object space 1062400K, 99% used [0x0000000080000000,0x00000000c0d40fe8,0x00000000c0d80000)
 Metaspace       used 82608K, committed 84224K, reserved 1179648K
  class space    used 8066K, committed 8832K, reserved 1048576K
}
Event: 43.951 GC heap before
{Heap before GC invocations=2748 (full 4):
 PSYoungGen      total 5120K, used 4896K [0x00000000d5580000, 0x00000000d5c80000, 0x0000000100000000)
  eden space 4096K, 100% used [0x00000000d5580000,0x00000000d5980000,0x00000000d5980000)
  from space 1024K, 78% used [0x00000000d5980000,0x00000000d5a48000,0x00000000d5a80000)
  to   space 1024K, 0% used [0x00000000d5b80000,0x00000000d5b80000,0x00000000d5c80000)
 ParOldGen       total 1062400K, used 1062147K [0x0000000080000000, 0x00000000c0d80000, 0x00000000d5580000)
  object space 1062400K, 99% used [0x0000000080000000,0x00000000c0d40fe8,0x00000000c0d80000)
 Metaspace       used 82608K, committed 84224K, reserved 1179648K
  class space    used 8066K, committed 8832K, reserved 1048576K
}
Event: 43.953 GC heap after
{Heap after GC invocations=2748 (full 4):
 PSYoungGen      total 4608K, used 1010K [0x00000000d5580000, 0x00000000d5f80000, 0x0000000100000000)
  eden space 3584K, 0% used [0x00000000d5580000,0x00000000d5580000,0x00000000d5900000)
  from space 1024K, 98% used [0x00000000d5b80000,0x00000000d5c7c878,0x00000000d5c80000)
  to   space 2560K, 0% used [0x00000000d5900000,0x00000000d5900000,0x00000000d5b80000)
 ParOldGen       total 1063424K, used 1063057K [0x0000000080000000, 0x00000000c0e80000, 0x00000000d5580000)
  object space 1063424K, 99% used [0x0000000080000000,0x00000000c0e24668,0x00000000c0e80000)
 Metaspace       used 82608K, committed 84224K, reserved 1179648K
  class space    used 8066K, committed 8832K, reserved 1048576K
}
Event: 43.956 GC heap before
{Heap before GC invocations=2749 (full 4):
 PSYoungGen      total 4608K, used 4594K [0x00000000d5580000, 0x00000000d5f80000, 0x0000000100000000)
  eden space 3584K, 100% used [0x00000000d5580000,0x00000000d5900000,0x00000000d5900000)
  from space 1024K, 98% used [0x00000000d5b80000,0x00000000d5c7c878,0x00000000d5c80000)
  to   space 2560K, 0% used [0x00000000d5900000,0x00000000d5900000,0x00000000d5b80000)
 ParOldGen       total 1063424K, used 1063057K [0x0000000080000000, 0x00000000c0e80000, 0x00000000d5580000)
  object space 1063424K, 99% used [0x0000000080000000,0x00000000c0e24668,0x00000000c0e80000)
 Metaspace       used 82608K, committed 84224K, reserved 1179648K
  class space    used 8066K, committed 8832K, reserved 1048576K
}
Event: 43.958 GC heap after
{Heap after GC invocations=2749 (full 4):
 PSYoungGen      total 6144K, used 1739K [0x00000000d5580000, 0x00000000d5e00000, 0x0000000100000000)
  eden space 3584K, 0% used [0x00000000d5580000,0x00000000d5580000,0x00000000d5900000)
  from space 2560K, 67% used [0x00000000d5900000,0x00000000d5ab2cf8,0x00000000d5b80000)
  to   space 2048K, 0% used [0x00000000d5c00000,0x00000000d5c00000,0x00000000d5e00000)
 ParOldGen       total 1064448K, used 1064020K [0x0000000080000000, 0x00000000c0f80000, 0x00000000d5580000)
  object space 1064448K, 99% used [0x0000000080000000,0x00000000c0f15348,0x00000000c0f80000)
 Metaspace       used 82608K, committed 84224K, reserved 1179648K
  class space    used 8066K, committed 8832K, reserved 1048576K
}
Event: 43.961 GC heap before
{Heap before GC invocations=2750 (full 4):
 PSYoungGen      total 6144K, used 5323K [0x00000000d5580000, 0x00000000d5e00000, 0x0000000100000000)
  eden space 3584K, 100% used [0x00000000d5580000,0x00000000d5900000,0x00000000d5900000)
  from space 2560K, 67% used [0x00000000d5900000,0x00000000d5ab2cf8,0x00000000d5b80000)
  to   space 2048K, 0% used [0x00000000d5c00000,0x00000000d5c00000,0x00000000d5e00000)
 ParOldGen       total 1064448K, used 1064020K [0x0000000080000000, 0x00000000c0f80000, 0x00000000d5580000)
  object space 1064448K, 99% used [0x0000000080000000,0x00000000c0f15348,0x00000000c0f80000)
 Metaspace       used 82608K, committed 84224K, reserved 1179648K
  class space    used 8066K, committed 8832K, reserved 1048576K
}
Event: 43.963 GC heap after
{Heap after GC invocations=2750 (full 4):
 PSYoungGen      total 5632K, used 848K [0x00000000d5580000, 0x00000000d5d00000, 0x0000000100000000)
  eden space 4608K, 0% used [0x00000000d5580000,0x00000000d5580000,0x00000000d5a00000)
  from space 1024K, 82% used [0x00000000d5c00000,0x00000000d5cd4010,0x00000000d5d00000)
  to   space 1536K, 0% used [0x00000000d5a00000,0x00000000d5a00000,0x00000000d5b80000)
 ParOldGen       total 1065984K, used 1065543K [0x0000000080000000, 0x00000000c1100000, 0x00000000d5580000)
  object space 1065984K, 99% used [0x0000000080000000,0x00000000c1091fb0,0x00000000c1100000)
 Metaspace       used 82608K, committed 84224K, reserved 1179648K
  class space    used 8066K, committed 8832K, reserved 1048576K
}
Event: 43.966 GC heap before
{Heap before GC invocations=2751 (full 4):
 PSYoungGen      total 5632K, used 5456K [0x00000000d5580000, 0x00000000d5d00000, 0x0000000100000000)
  eden space 4608K, 100% used [0x00000000d5580000,0x00000000d5a00000,0x00000000d5a00000)
  from space 1024K, 82% used [0x00000000d5c00000,0x00000000d5cd4010,0x00000000d5d00000)
  to   space 1536K, 0% used [0x00000000d5a00000,0x00000000d5a00000,0x00000000d5b80000)
 ParOldGen       total 1065984K, used 1065543K [0x0000000080000000, 0x00000000c1100000, 0x00000000d5580000)
  object space 1065984K, 99% used [0x0000000080000000,0x00000000c1091fb0,0x00000000c1100000)
 Metaspace       used 82617K, committed 84288K, reserved 1179648K
  class space    used 8066K, committed 8832K, reserved 1048576K
}
Event: 43.967 GC heap after
{Heap after GC invocations=2751 (full 4):
 PSYoungGen      total 6144K, used 1507K [0x00000000d5580000, 0x00000000d6000000, 0x0000000100000000)
  eden space 4608K, 0% used [0x00000000d5580000,0x00000000d5580000,0x00000000d5a00000)
  from space 1536K, 98% used [0x00000000d5a00000,0x00000000d5b78e48,0x00000000d5b80000)
  to   space 2560K, 0% used [0x00000000d5d80000,0x00000000d5d80000,0x00000000d6000000)
 ParOldGen       total 1066496K, used 1066295K [0x0000000080000000, 0x00000000c1180000, 0x00000000d5580000)
  object space 1066496K, 99% used [0x0000000080000000,0x00000000c114dcb8,0x00000000c1180000)
 Metaspace       used 82617K, committed 84288K, reserved 1179648K
  class space    used 8066K, committed 8832K, reserved 1048576K
}
Event: 43.972 GC heap before
{Heap before GC invocations=2752 (full 4):
 PSYoungGen      total 6144K, used 6115K [0x00000000d5580000, 0x00000000d6000000, 0x0000000100000000)
  eden space 4608K, 100% used [0x00000000d5580000,0x00000000d5a00000,0x00000000d5a00000)
  from space 1536K, 98% used [0x00000000d5a00000,0x00000000d5b78e48,0x00000000d5b80000)
  to   space 2560K, 0% used [0x00000000d5d80000,0x00000000d5d80000,0x00000000d6000000)
 ParOldGen       total 1066496K, used 1066295K [0x0000000080000000, 0x00000000c1180000, 0x00000000d5580000)
  object space 1066496K, 99% used [0x0000000080000000,0x00000000c114dcb8,0x00000000c1180000)
 Metaspace       used 82620K, committed 84288K, reserved 1179648K
  class space    used 8066K, committed 8832K, reserved 1048576K
}
Event: 43.973 GC heap after
{Heap after GC invocations=2752 (full 4):
 PSYoungGen      total 7680K, used 1565K [0x00000000d5580000, 0x00000000d5f80000, 0x0000000100000000)
  eden space 5632K, 0% used [0x00000000d5580000,0x00000000d5580000,0x00000000d5b00000)
  from space 2048K, 76% used [0x00000000d5d80000,0x00000000d5f075a8,0x00000000d5f80000)
  to   space 2048K, 0% used [0x00000000d5b80000,0x00000000d5b80000,0x00000000d5d80000)
 ParOldGen       total 1068032K, used 1067696K [0x0000000080000000, 0x00000000c1300000, 0x00000000d5580000)
  object space 1068032K, 99% used [0x0000000080000000,0x00000000c12ac330,0x00000000c1300000)
 Metaspace       used 82620K, committed 84288K, reserved 1179648K
  class space    used 8066K, committed 8832K, reserved 1048576K
}
Event: 43.980 GC heap before
{Heap before GC invocations=2753 (full 4):
 PSYoungGen      total 7680K, used 7197K [0x00000000d5580000, 0x00000000d5f80000, 0x0000000100000000)
  eden space 5632K, 100% used [0x00000000d5580000,0x00000000d5b00000,0x00000000d5b00000)
  from space 2048K, 76% used [0x00000000d5d80000,0x00000000d5f075a8,0x00000000d5f80000)
  to   space 2048K, 0% used [0x00000000d5b80000,0x00000000d5b80000,0x00000000d5d80000)
 ParOldGen       total 1068032K, used 1067696K [0x0000000080000000, 0x00000000c1300000, 0x00000000d5580000)
  object space 1068032K, 99% used [0x0000000080000000,0x00000000c12ac330,0x00000000c1300000)
 Metaspace       used 82620K, committed 84288K, reserved 1179648K
  class space    used 8066K, committed 8832K, reserved 1048576K
}
Event: 43.982 GC heap after
{Heap after GC invocations=2753 (full 4):
 PSYoungGen      total 8192K, used 2031K [0x00000000d5580000, 0x00000000d6480000, 0x0000000100000000)
  eden space 6144K, 0% used [0x00000000d5580000,0x00000000d5580000,0x00000000d5b80000)
  from space 2048K, 99% used [0x00000000d5b80000,0x00000000d5d7be40,0x00000000d5d80000)
  to   space 4096K, 0% used [0x00000000d6080000,0x00000000d6080000,0x00000000d6480000)
 ParOldGen       total 1069568K, used 1069251K [0x0000000080000000, 0x00000000c1480000, 0x00000000d5580000)
  object space 1069568K, 99% used [0x0000000080000000,0x00000000c1430d68,0x00000000c1480000)
 Metaspace       used 82620K, committed 84288K, reserved 1179648K
  class space    used 8066K, committed 8832K, reserved 1048576K
}
Event: 43.994 GC heap before
{Heap before GC invocations=2754 (full 4):
 PSYoungGen      total 8192K, used 8175K [0x00000000d5580000, 0x00000000d6480000, 0x0000000100000000)
  eden space 6144K, 100% used [0x00000000d5580000,0x00000000d5b80000,0x00000000d5b80000)
  from space 2048K, 99% used [0x00000000d5b80000,0x00000000d5d7be40,0x00000000d5d80000)
  to   space 4096K, 0% used [0x00000000d6080000,0x00000000d6080000,0x00000000d6480000)
 ParOldGen       total 1069568K, used 1069251K [0x0000000080000000, 0x00000000c1480000, 0x00000000d5580000)
  object space 1069568K, 99% used [0x0000000080000000,0x00000000c1430d68,0x00000000c1480000)
 Metaspace       used 82639K, committed 84288K, reserved 1179648K
  class space    used 8070K, committed 8832K, reserved 1048576K
}
Event: 43.996 GC heap after
{Heap after GC invocations=2754 (full 4):
 PSYoungGen      total 10240K, used 2385K [0x00000000d5580000, 0x00000000d6300000, 0x0000000100000000)
  eden space 7680K, 0% used [0x00000000d5580000,0x00000000d5580000,0x00000000d5d00000)
  from space 2560K, 93% used [0x00000000d6080000,0x00000000d62d4798,0x00000000d6300000)
  to   space 3072K, 0% used [0x00000000d5d00000,0x00000000d5d00000,0x00000000d6000000)
 ParOldGen       total 1071616K, used 1071124K [0x0000000080000000, 0x00000000c1680000, 0x00000000d5580000)
  object space 1071616K, 99% used [0x0000000080000000,0x00000000c16051c8,0x00000000c1680000)
 Metaspace       used 82639K, committed 84288K, reserved 1179648K
  class space    used 8070K, committed 8832K, reserved 1048576K
}
Event: 44.003 GC heap before
{Heap before GC invocations=2755 (full 4):
 PSYoungGen      total 10240K, used 10065K [0x00000000d5580000, 0x00000000d6300000, 0x0000000100000000)
  eden space 7680K, 100% used [0x00000000d5580000,0x00000000d5d00000,0x00000000d5d00000)
  from space 2560K, 93% used [0x00000000d6080000,0x00000000d62d4798,0x00000000d6300000)
  to   space 3072K, 0% used [0x00000000d5d00000,0x00000000d5d00000,0x00000000d6000000)
 ParOldGen       total 1071616K, used 1071124K [0x0000000080000000, 0x00000000c1680000, 0x00000000d5580000)
  object space 1071616K, 99% used [0x0000000080000000,0x00000000c16051c8,0x00000000c1680000)
 Metaspace       used 82639K, committed 84288K, reserved 1179648K
  class space    used 8070K, committed 8832K, reserved 1048576K
}
Event: 44.005 GC heap after
{Heap after GC invocations=2755 (full 4):
 PSYoungGen      total 10752K, used 1120K [0x00000000d5580000, 0x00000000d6280000, 0x0000000100000000)
  eden space 7680K, 0% used [0x00000000d5580000,0x00000000d5580000,0x00000000d5d00000)
  from space 3072K, 36% used [0x00000000d5d00000,0x00000000d5e18000,0x00000000d6000000)
  to   space 2048K, 0% used [0x00000000d6080000,0x00000000d6080000,0x00000000d6280000)
 ParOldGen       total 1073664K, used 1073341K [0x0000000080000000, 0x00000000c1880000, 0x00000000d5580000)
  object space 1073664K, 99% used [0x0000000080000000,0x00000000c182f4c8,0x00000000c1880000)
 Metaspace       used 82639K, committed 84288K, reserved 1179648K
  class space    used 8070K, committed 8832K, reserved 1048576K
}
Event: 44.089 GC heap before
{Heap before GC invocations=2756 (full 4):
 PSYoungGen      total 10752K, used 8799K [0x00000000d5580000, 0x00000000d6280000, 0x0000000100000000)
  eden space 7680K, 99% used [0x00000000d5580000,0x00000000d5cffff0,0x00000000d5d00000)
  from space 3072K, 36% used [0x00000000d5d00000,0x00000000d5e18000,0x00000000d6000000)
  to   space 2048K, 0% used [0x00000000d6080000,0x00000000d6080000,0x00000000d6280000)
 ParOldGen       total 1105408K, used 1104061K [0x0000000080000000, 0x00000000c3780000, 0x00000000d5580000)
  object space 1105408K, 99% used [0x0000000080000000,0x00000000c362f4f8,0x00000000c3780000)
 Metaspace       used 82675K, committed 84288K, reserved 1179648K
  class space    used 8070K, committed 8832K, reserved 1048576K
}
Event: 44.091 GC heap after
{Heap after GC invocations=2756 (full 4):
 PSYoungGen      total 9216K, used 1056K [0x00000000d5580000, 0x00000000d6200000, 0x0000000100000000)
  eden space 7680K, 0% used [0x00000000d5580000,0x00000000d5580000,0x00000000d5d00000)
  from space 1536K, 68% used [0x00000000d6080000,0x00000000d6188000,0x00000000d6200000)
  to   space 1536K, 0% used [0x00000000d5f00000,0x00000000d5f00000,0x00000000d6080000)
 ParOldGen       total 1105408K, used 1104957K [0x0000000080000000, 0x00000000c3780000, 0x00000000d5580000)
  object space 1105408K, 99% used [0x0000000080000000,0x00000000c370f558,0x00000000c3780000)
 Metaspace       used 82675K, committed 84288K, reserved 1179648K
  class space    used 8070K, committed 8832K, reserved 1048576K
}

