# JRE version: OpenJDK Runtime Environment Temurin-21.0.7+6 (21.0.7+6) (build 21.0.7+6-LTS)
# Java VM: OpenJDK 64-Bit Server VM Temurin-21.0.7+6 (21.0.7+6-LTS, mixed mode, sharing, tiered, compressed oops, compressed class ptrs, parallel gc, windows-amd64)
GC Precious Log:
 CardTable entry size: 512
 CPUs: 16 total, 16 available
 Memory: 16123M
 Large Page Support: Disabled
 NUMA Support: Disabled
 Compressed Oops: Enabled (32-bit)
 Alignments: Space 512K, Generation 512K, Heap 2M
 Heap Min Capacity: 100M
 Heap Initial Capacity: 100M
 Heap Max Capacity: 2G
 Pre-touch: Disabled
 Parallel Workers: 13
Heap:
 PSYoungGen      total 11776K, used 11668K [0x00000000d5580000, 0x00000000d6300000, 0x0000000100000000)
  eden space 10240K, 100% used [0x00000000d5580000,0x00000000d5f80000,0x00000000d5f80000)
  from space 1536K, 93% used [0x00000000d5f80000,0x00000000d60e5200,0x00000000d6100000)
  to   space 1536K, 66% used [0x00000000d6100000,0x00000000d61fe900,0x00000000d6280000)
 ParOldGen       total 1093632K, used 1093626K [0x0000000080000000, 0x00000000c2c00000, 0x00000000d5580000)
  object space 1093632K, 99% used [0x0000000080000000,0x00000000c2bfeba8,0x00000000c2c00000)
 Metaspace       used 104710K, committed 106560K, reserved 1179648K
  class space    used 10133K, committed 11072K, reserved 1048576K
GC Heap History (20 events):
Event: 3160.986 GC heap after
{Heap after GC invocations=8647 (full 16):
 PSYoungGen      total 5632K, used 778K [0x00000000d5580000, 0x00000000d5e80000, 0x0000000100000000)
  eden space 4608K, 0% used [0x00000000d5580000,0x00000000d5580000,0x00000000d5a00000)
  from space 1024K, 76% used [0x00000000d5d80000,0x00000000d5e42910,0x00000000d5e80000)
  to   space 1024K, 0% used [0x00000000d5c80000,0x00000000d5c80000,0x00000000d5d80000)
 ParOldGen       total 1084928K, used 1084853K [0x0000000080000000, 0x00000000c2380000, 0x00000000d5580000)
  object space 1084928K, 99% used [0x0000000080000000,0x00000000c236d748,0x00000000c2380000)
 Metaspace       used 104709K, committed 106560K, reserved 1179648K
  class space    used 10133K, committed 11072K, reserved 1048576K
}
Event: 3160.989 GC heap before
{Heap before GC invocations=8648 (full 16):
 PSYoungGen      total 5632K, used 5386K [0x00000000d5580000, 0x00000000d5e80000, 0x0000000100000000)
  eden space 4608K, 100% used [0x00000000d5580000,0x00000000d5a00000,0x00000000d5a00000)
  from space 1024K, 76% used [0x00000000d5d80000,0x00000000d5e42910,0x00000000d5e80000)
  to   space 1024K, 0% used [0x00000000d5c80000,0x00000000d5c80000,0x00000000d5d80000)
 ParOldGen       total 1084928K, used 1084853K [0x0000000080000000, 0x00000000c2380000, 0x00000000d5580000)
  object space 1084928K, 99% used [0x0000000080000000,0x00000000c236d748,0x00000000c2380000)
 Metaspace       used 104709K, committed 106560K, reserved 1179648K
  class space    used 10133K, committed 11072K, reserved 1048576K
}
Event: 3160.991 GC heap after
{Heap after GC invocations=8648 (full 16):
 PSYoungGen      total 5632K, used 660K [0x00000000d5580000, 0x00000000d5e00000, 0x0000000100000000)
  eden space 4608K, 0% used [0x00000000d5580000,0x00000000d5580000,0x00000000d5a00000)
  from space 1024K, 64% used [0x00000000d5c80000,0x00000000d5d25200,0x00000000d5d80000)
  to   space 512K, 0% used [0x00000000d5d80000,0x00000000d5d80000,0x00000000d5e00000)
 ParOldGen       total 1085440K, used 1085367K [0x0000000080000000, 0x00000000c2400000, 0x00000000d5580000)
  object space 1085440K, 99% used [0x0000000080000000,0x00000000c23edc58,0x00000000c2400000)
 Metaspace       used 104709K, committed 106560K, reserved 1179648K
  class space    used 10133K, committed 11072K, reserved 1048576K
}
Event: 3160.995 GC heap before
{Heap before GC invocations=8649 (full 16):
 PSYoungGen      total 5632K, used 5268K [0x00000000d5580000, 0x00000000d5e00000, 0x0000000100000000)
  eden space 4608K, 100% used [0x00000000d5580000,0x00000000d5a00000,0x00000000d5a00000)
  from space 1024K, 64% used [0x00000000d5c80000,0x00000000d5d25200,0x00000000d5d80000)
  to   space 512K, 0% used [0x00000000d5d80000,0x00000000d5d80000,0x00000000d5e00000)
 ParOldGen       total 1085440K, used 1085367K [0x0000000080000000, 0x00000000c2400000, 0x00000000d5580000)
  object space 1085440K, 99% used [0x0000000080000000,0x00000000c23edc58,0x00000000c2400000)
 Metaspace       used 104709K, committed 106560K, reserved 1179648K
  class space    used 10133K, committed 11072K, reserved 1048576K
}
Event: 3160.996 GC heap after
{Heap after GC invocations=8649 (full 16):
 PSYoungGen      total 6144K, used 512K [0x00000000d5580000, 0x00000000d5e00000, 0x0000000100000000)
  eden space 5632K, 0% used [0x00000000d5580000,0x00000000d5580000,0x00000000d5b00000)
  from space 512K, 100% used [0x00000000d5d80000,0x00000000d5e00000,0x00000000d5e00000)
  to   space 1536K, 0% used [0x00000000d5b00000,0x00000000d5b00000,0x00000000d5c80000)
 ParOldGen       total 1086464K, used 1085968K [0x0000000080000000, 0x00000000c2500000, 0x00000000d5580000)
  object space 1086464K, 99% used [0x0000000080000000,0x00000000c2484108,0x00000000c2500000)
 Metaspace       used 104709K, committed 106560K, reserved 1179648K
  class space    used 10133K, committed 11072K, reserved 1048576K
}
Event: 3161.000 GC heap before
{Heap before GC invocations=8650 (full 16):
 PSYoungGen      total 6144K, used 6144K [0x00000000d5580000, 0x00000000d5e00000, 0x0000000100000000)
  eden space 5632K, 100% used [0x00000000d5580000,0x00000000d5b00000,0x00000000d5b00000)
  from space 512K, 100% used [0x00000000d5d80000,0x00000000d5e00000,0x00000000d5e00000)
  to   space 1536K, 0% used [0x00000000d5b00000,0x00000000d5b00000,0x00000000d5c80000)
 ParOldGen       total 1086464K, used 1085968K [0x0000000080000000, 0x00000000c2500000, 0x00000000d5580000)
  object space 1086464K, 99% used [0x0000000080000000,0x00000000c2484108,0x00000000c2500000)
 Metaspace       used 104709K, committed 106560K, reserved 1179648K
  class space    used 10133K, committed 11072K, reserved 1048576K
}
Event: 3161.002 GC heap after
{Heap after GC invocations=8650 (full 16):
 PSYoungGen      total 7168K, used 672K [0x00000000d5580000, 0x00000000d5e80000, 0x0000000100000000)
  eden space 5632K, 0% used [0x00000000d5580000,0x00000000d5580000,0x00000000d5b00000)
  from space 1536K, 43% used [0x00000000d5b00000,0x00000000d5ba8000,0x00000000d5c80000)
  to   space 1024K, 0% used [0x00000000d5d80000,0x00000000d5d80000,0x00000000d5e80000)
 ParOldGen       total 1086464K, used 1086280K [0x0000000080000000, 0x00000000c2500000, 0x00000000d5580000)
  object space 1086464K, 99% used [0x0000000080000000,0x00000000c24d2128,0x00000000c2500000)
 Metaspace       used 104709K, committed 106560K, reserved 1179648K
  class space    used 10133K, committed 11072K, reserved 1048576K
}
Event: 3161.006 GC heap before
{Heap before GC invocations=8651 (full 16):
 PSYoungGen      total 7168K, used 6304K [0x00000000d5580000, 0x00000000d5e80000, 0x0000000100000000)
  eden space 5632K, 100% used [0x00000000d5580000,0x00000000d5b00000,0x00000000d5b00000)
  from space 1536K, 43% used [0x00000000d5b00000,0x00000000d5ba8000,0x00000000d5c80000)
  to   space 1024K, 0% used [0x00000000d5d80000,0x00000000d5d80000,0x00000000d5e80000)
 ParOldGen       total 1086464K, used 1086280K [0x0000000080000000, 0x00000000c2500000, 0x00000000d5580000)
  object space 1086464K, 99% used [0x0000000080000000,0x00000000c24d2128,0x00000000c2500000)
 Metaspace       used 104709K, committed 106560K, reserved 1179648K
  class space    used 10133K, committed 11072K, reserved 1048576K
}
Event: 3161.008 GC heap after
{Heap after GC invocations=8651 (full 16):
 PSYoungGen      total 8192K, used 608K [0x00000000d5580000, 0x00000000d5e80000, 0x0000000100000000)
  eden space 7168K, 0% used [0x00000000d5580000,0x00000000d5580000,0x00000000d5c80000)
  from space 1024K, 59% used [0x00000000d5d80000,0x00000000d5e18000,0x00000000d5e80000)
  to   space 1024K, 0% used [0x00000000d5c80000,0x00000000d5c80000,0x00000000d5d80000)
 ParOldGen       total 1086976K, used 1086752K [0x0000000080000000, 0x00000000c2580000, 0x00000000d5580000)
  object space 1086976K, 99% used [0x0000000080000000,0x00000000c2548168,0x00000000c2580000)
 Metaspace       used 104709K, committed 106560K, reserved 1179648K
  class space    used 10133K, committed 11072K, reserved 1048576K
}
Event: 3161.013 GC heap before
{Heap before GC invocations=8652 (full 16):
 PSYoungGen      total 8192K, used 7776K [0x00000000d5580000, 0x00000000d5e80000, 0x0000000100000000)
  eden space 7168K, 100% used [0x00000000d5580000,0x00000000d5c80000,0x00000000d5c80000)
  from space 1024K, 59% used [0x00000000d5d80000,0x00000000d5e18000,0x00000000d5e80000)
  to   space 1024K, 0% used [0x00000000d5c80000,0x00000000d5c80000,0x00000000d5d80000)
 ParOldGen       total 1086976K, used 1086752K [0x0000000080000000, 0x00000000c2580000, 0x00000000d5580000)
  object space 1086976K, 99% used [0x0000000080000000,0x00000000c2548168,0x00000000c2580000)
 Metaspace       used 104709K, committed 106560K, reserved 1179648K
  class space    used 10133K, committed 11072K, reserved 1048576K
}
Event: 3161.015 GC heap after
{Heap after GC invocations=8652 (full 16):
 PSYoungGen      total 8192K, used 1013K [0x00000000d5580000, 0x00000000d6200000, 0x0000000100000000)
  eden space 7168K, 0% used [0x00000000d5580000,0x00000000d5580000,0x00000000d5c80000)
  from space 1024K, 98% used [0x00000000d5c80000,0x00000000d5d7d4a0,0x00000000d5d80000)
  to   space 2048K, 0% used [0x00000000d6000000,0x00000000d6000000,0x00000000d6200000)
 ParOldGen       total 1087488K, used 1087272K [0x0000000080000000, 0x00000000c2600000, 0x00000000d5580000)
  object space 1087488K, 99% used [0x0000000080000000,0x00000000c25ca188,0x00000000c2600000)
 Metaspace       used 104709K, committed 106560K, reserved 1179648K
  class space    used 10133K, committed 11072K, reserved 1048576K
}
Event: 3161.025 GC heap before
{Heap before GC invocations=8653 (full 16):
 PSYoungGen      total 8192K, used 8181K [0x00000000d5580000, 0x00000000d6200000, 0x0000000100000000)
  eden space 7168K, 100% used [0x00000000d5580000,0x00000000d5c80000,0x00000000d5c80000)
  from space 1024K, 98% used [0x00000000d5c80000,0x00000000d5d7d4a0,0x00000000d5d80000)
  to   space 2048K, 0% used [0x00000000d6000000,0x00000000d6000000,0x00000000d6200000)
 ParOldGen       total 1087488K, used 1087272K [0x0000000080000000, 0x00000000c2600000, 0x00000000d5580000)
  object space 1087488K, 99% used [0x0000000080000000,0x00000000c25ca188,0x00000000c2600000)
 Metaspace       used 104709K, committed 106560K, reserved 1179648K
  class space    used 10133K, committed 11072K, reserved 1048576K
}
Event: 3161.027 GC heap after
{Heap after GC invocations=8653 (full 16):
 PSYoungGen      total 8704K, used 2028K [0x00000000d5580000, 0x00000000d6600000, 0x0000000100000000)
  eden space 6656K, 0% used [0x00000000d5580000,0x00000000d5580000,0x00000000d5c00000)
  from space 2048K, 99% used [0x00000000d6000000,0x00000000d61fb268,0x00000000d6200000)
  to   space 4096K, 0% used [0x00000000d5c00000,0x00000000d5c00000,0x00000000d6000000)
 ParOldGen       total 1089024K, used 1088691K [0x0000000080000000, 0x00000000c2780000, 0x00000000d5580000)
  object space 1089024K, 99% used [0x0000000080000000,0x00000000c272ce18,0x00000000c2780000)
 Metaspace       used 104709K, committed 106560K, reserved 1179648K
  class space    used 10133K, committed 11072K, reserved 1048576K
}
Event: 3161.033 GC heap before
{Heap before GC invocations=8654 (full 16):
 PSYoungGen      total 8704K, used 8684K [0x00000000d5580000, 0x00000000d6600000, 0x0000000100000000)
  eden space 6656K, 100% used [0x00000000d5580000,0x00000000d5c00000,0x00000000d5c00000)
  from space 2048K, 99% used [0x00000000d6000000,0x00000000d61fb268,0x00000000d6200000)
  to   space 4096K, 0% used [0x00000000d5c00000,0x00000000d5c00000,0x00000000d6000000)
 ParOldGen       total 1089024K, used 1088691K [0x0000000080000000, 0x00000000c2780000, 0x00000000d5580000)
  object space 1089024K, 99% used [0x0000000080000000,0x00000000c272ce18,0x00000000c2780000)
 Metaspace       used 104709K, committed 106560K, reserved 1179648K
  class space    used 10133K, committed 11072K, reserved 1048576K
}
Event: 3161.035 GC heap after
{Heap after GC invocations=8654 (full 16):
 PSYoungGen      total 10752K, used 2546K [0x00000000d5580000, 0x00000000d6380000, 0x0000000100000000)
  eden space 6656K, 0% used [0x00000000d5580000,0x00000000d5580000,0x00000000d5c00000)
  from space 4096K, 62% used [0x00000000d5c00000,0x00000000d5e7c9a0,0x00000000d6000000)
  to   space 3072K, 0% used [0x00000000d6080000,0x00000000d6080000,0x00000000d6380000)
 ParOldGen       total 1089536K, used 1089289K [0x0000000080000000, 0x00000000c2800000, 0x00000000d5580000)
  object space 1089536K, 99% used [0x0000000080000000,0x00000000c27c25a8,0x00000000c2800000)
 Metaspace       used 104709K, committed 106560K, reserved 1179648K
  class space    used 10133K, committed 11072K, reserved 1048576K
}
Event: 3161.041 GC heap before
{Heap before GC invocations=8655 (full 16):
 PSYoungGen      total 10752K, used 9202K [0x00000000d5580000, 0x00000000d6380000, 0x0000000100000000)
  eden space 6656K, 100% used [0x00000000d5580000,0x00000000d5c00000,0x00000000d5c00000)
  from space 4096K, 62% used [0x00000000d5c00000,0x00000000d5e7c9a0,0x00000000d6000000)
  to   space 3072K, 0% used [0x00000000d6080000,0x00000000d6080000,0x00000000d6380000)
 ParOldGen       total 1089536K, used 1089289K [0x0000000080000000, 0x00000000c2800000, 0x00000000d5580000)
  object space 1089536K, 99% used [0x0000000080000000,0x00000000c27c25a8,0x00000000c2800000)
 Metaspace       used 104709K, committed 106560K, reserved 1179648K
  class space    used 10133K, committed 11072K, reserved 1048576K
}
Event: 3161.043 GC heap after
{Heap after GC invocations=8655 (full 16):
 PSYoungGen      total 9728K, used 1056K [0x00000000d5580000, 0x00000000d6200000, 0x0000000100000000)
  eden space 8192K, 0% used [0x00000000d5580000,0x00000000d5580000,0x00000000d5d80000)
  from space 1536K, 68% used [0x00000000d6080000,0x00000000d6188160,0x00000000d6200000)
  to   space 2048K, 0% used [0x00000000d5e00000,0x00000000d5e00000,0x00000000d6000000)
 ParOldGen       total 1090048K, used 1090005K [0x0000000080000000, 0x00000000c2880000, 0x00000000d5580000)
  object space 1090048K, 99% used [0x0000000080000000,0x00000000c28757a8,0x00000000c2880000)
 Metaspace       used 104709K, committed 106560K, reserved 1179648K
  class space    used 10133K, committed 11072K, reserved 1048576K
}
Event: 3161.052 GC heap before
{Heap before GC invocations=8656 (full 16):
 PSYoungGen      total 9728K, used 9248K [0x00000000d5580000, 0x00000000d6200000, 0x0000000100000000)
  eden space 8192K, 100% used [0x00000000d5580000,0x00000000d5d80000,0x00000000d5d80000)
  from space 1536K, 68% used [0x00000000d6080000,0x00000000d6188160,0x00000000d6200000)
  to   space 2048K, 0% used [0x00000000d5e00000,0x00000000d5e00000,0x00000000d6000000)
 ParOldGen       total 1090048K, used 1090005K [0x0000000080000000, 0x00000000c2880000, 0x00000000d5580000)
  object space 1090048K, 99% used [0x0000000080000000,0x00000000c28757a8,0x00000000c2880000)
 Metaspace       used 104709K, committed 106560K, reserved 1179648K
  class space    used 10133K, committed 11072K, reserved 1048576K
}
Event: 3161.055 GC heap after
{Heap after GC invocations=8656 (full 16):
 PSYoungGen      total 10752K, used 1220K [0x00000000d5580000, 0x00000000d6280000, 0x0000000100000000)
  eden space 8704K, 0% used [0x00000000d5580000,0x00000000d5580000,0x00000000d5e00000)
  from space 2048K, 59% used [0x00000000d5e00000,0x00000000d5f31210,0x00000000d6000000)
  to   space 1536K, 0% used [0x00000000d6100000,0x00000000d6100000,0x00000000d6280000)
 ParOldGen       total 1091072K, used 1090867K [0x0000000080000000, 0x00000000c2980000, 0x00000000d5580000)
  object space 1091072K, 99% used [0x0000000080000000,0x00000000c294cde8,0x00000000c2980000)
 Metaspace       used 104709K, committed 106560K, reserved 1179648K
  class space    used 10133K, committed 11072K, reserved 1048576K
}
Event: 3161.067 GC heap before
{Heap before GC invocations=8657 (full 16):
 PSYoungGen      total 10752K, used 9924K [0x00000000d5580000, 0x00000000d6280000, 0x0000000100000000)
  eden space 8704K, 100% used [0x00000000d5580000,0x00000000d5e00000,0x00000000d5e00000)
  from space 2048K, 59% used [0x00000000d5e00000,0x00000000d5f31210,0x00000000d6000000)
  to   space 1536K, 0% used [0x00000000d6100000,0x00000000d6100000,0x00000000d6280000)
 ParOldGen       total 1091072K, used 1090867K [0x0000000080000000, 0x00000000c2980000, 0x00000000d5580000)
  object space 1091072K, 99% used [0x0000000080000000,0x00000000c294cde8,0x00000000c2980000)
 Metaspace       used 104709K, committed 106560K, reserved 1179648K
  class space    used 10133K, committed 11072K, reserved 1048576K
}

