# JRE version: OpenJDK Runtime Environment Temurin-21.0.7+6 (21.0.7+6) (build 21.0.7+6-LTS)
# Java VM: OpenJDK 64-Bit Server VM Temurin-21.0.7+6 (21.0.7+6-LTS, mixed mode, sharing, tiered, compressed oops, compressed class ptrs, parallel gc, windows-amd64)
GC Precious Log:
 CardTable entry size: 512
 CPUs: 16 total, 16 available
 Memory: 16123M
 Large Page Support: Disabled
 NUMA Support: Disabled
 Compressed Oops: Enabled (32-bit)
 Alignments: Space 512K, Generation 512K, Heap 2M
 Heap Min Capacity: 100M
 Heap Initial Capacity: 100M
 Heap Max Capacity: 2G
 Pre-touch: Disabled
 Parallel Workers: 13
Heap:
 PSYoungGen      total 11264K, used 6335K [0x00000000d5580000, 0x00000000d6580000, 0x0000000100000000)
  eden space 10240K, 53% used [0x00000000d5580000,0x00000000d5ae2ab8,0x00000000d5f80000)
  from space 1024K, 80% used [0x00000000d6400000,0x00000000d64cd200,0x00000000d6500000)
  to   space 512K, 0% used [0x00000000d6500000,0x00000000d6500000,0x00000000d6580000)
 ParOldGen       total 1134080K, used 1133730K [0x0000000080000000, 0x00000000c5380000, 0x00000000d5580000)
  object space 1134080K, 99% used [0x0000000080000000,0x00000000c5328bb0,0x00000000c5380000)
 Metaspace       used 81422K, committed 83136K, reserved 1179648K
  class space    used 7987K, committed 8768K, reserved 1048576K
GC Heap History (20 events):
Event: 49.526 GC heap before
{Heap before GC invocations=2491 (full 4):
 PSYoungGen      total 11264K, used 10980K [0x00000000d5580000, 0x00000000d6280000, 0x0000000100000000)
  eden space 10240K, 100% used [0x00000000d5580000,0x00000000d5f80000,0x00000000d5f80000)
  from space 1024K, 72% used [0x00000000d6180000,0x00000000d6239370,0x00000000d6280000)
  to   space 1024K, 0% used [0x00000000d5f80000,0x00000000d5f80000,0x00000000d6080000)
 ParOldGen       total 1120768K, used 1120535K [0x0000000080000000, 0x00000000c4680000, 0x00000000d5580000)
  object space 1120768K, 99% used [0x0000000080000000,0x00000000c4645ea8,0x00000000c4680000)
 Metaspace       used 79719K, committed 81344K, reserved 1179648K
  class space    used 7758K, committed 8512K, reserved 1048576K
}
Event: 49.529 GC heap after
{Heap after GC invocations=2491 (full 4):
 PSYoungGen      total 11264K, used 1024K [0x00000000d5580000, 0x00000000d6380000, 0x0000000100000000)
  eden space 10240K, 0% used [0x00000000d5580000,0x00000000d5580000,0x00000000d5f80000)
  from space 1024K, 100% used [0x00000000d5f80000,0x00000000d6080000,0x00000000d6080000)
  to   space 2048K, 0% used [0x00000000d6180000,0x00000000d6180000,0x00000000d6380000)
 ParOldGen       total 1121792K, used 1121336K [0x0000000080000000, 0x00000000c4780000, 0x00000000d5580000)
  object space 1121792K, 99% used [0x0000000080000000,0x00000000c470e3b0,0x00000000c4780000)
 Metaspace       used 79719K, committed 81344K, reserved 1179648K
  class space    used 7758K, committed 8512K, reserved 1048576K
}
Event: 49.791 GC heap before
{Heap before GC invocations=2492 (full 4):
 PSYoungGen      total 11264K, used 11264K [0x00000000d5580000, 0x00000000d6380000, 0x0000000100000000)
  eden space 10240K, 100% used [0x00000000d5580000,0x00000000d5f80000,0x00000000d5f80000)
  from space 1024K, 100% used [0x00000000d5f80000,0x00000000d6080000,0x00000000d6080000)
  to   space 2048K, 0% used [0x00000000d6180000,0x00000000d6180000,0x00000000d6380000)
 ParOldGen       total 1121792K, used 1121336K [0x0000000080000000, 0x00000000c4780000, 0x00000000d5580000)
  object space 1121792K, 99% used [0x0000000080000000,0x00000000c470e3b0,0x00000000c4780000)
 Metaspace       used 80646K, committed 82304K, reserved 1179648K
  class space    used 7900K, committed 8704K, reserved 1048576K
}
Event: 49.795 GC heap after
{Heap after GC invocations=2492 (full 4):
 PSYoungGen      total 11776K, used 1108K [0x00000000d5580000, 0x00000000d6300000, 0x0000000100000000)
  eden space 10240K, 0% used [0x00000000d5580000,0x00000000d5580000,0x00000000d5f80000)
  from space 1536K, 72% used [0x00000000d6180000,0x00000000d6295200,0x00000000d6300000)
  to   space 1536K, 0% used [0x00000000d6000000,0x00000000d6000000,0x00000000d6180000)
 ParOldGen       total 1122816K, used 1122366K [0x0000000080000000, 0x00000000c4880000, 0x00000000d5580000)
  object space 1122816K, 99% used [0x0000000080000000,0x00000000c480f850,0x00000000c4880000)
 Metaspace       used 80646K, committed 82304K, reserved 1179648K
  class space    used 7900K, committed 8704K, reserved 1048576K
}
Event: 49.805 GC heap before
{Heap before GC invocations=2493 (full 4):
 PSYoungGen      total 11776K, used 11348K [0x00000000d5580000, 0x00000000d6300000, 0x0000000100000000)
  eden space 10240K, 100% used [0x00000000d5580000,0x00000000d5f80000,0x00000000d5f80000)
  from space 1536K, 72% used [0x00000000d6180000,0x00000000d6295200,0x00000000d6300000)
  to   space 1536K, 0% used [0x00000000d6000000,0x00000000d6000000,0x00000000d6180000)
 ParOldGen       total 1122816K, used 1122366K [0x0000000080000000, 0x00000000c4880000, 0x00000000d5580000)
  object space 1122816K, 99% used [0x0000000080000000,0x00000000c480f850,0x00000000c4880000)
 Metaspace       used 80647K, committed 82304K, reserved 1179648K
  class space    used 7900K, committed 8704K, reserved 1048576K
}
Event: 49.809 GC heap after
{Heap after GC invocations=2493 (full 4):
 PSYoungGen      total 11776K, used 1056K [0x00000000d5580000, 0x00000000d6280000, 0x0000000100000000)
  eden space 10240K, 0% used [0x00000000d5580000,0x00000000d5580000,0x00000000d5f80000)
  from space 1536K, 68% used [0x00000000d6000000,0x00000000d6108000,0x00000000d6180000)
  to   space 1024K, 0% used [0x00000000d6180000,0x00000000d6180000,0x00000000d6280000)
 ParOldGen       total 1123328K, used 1123298K [0x0000000080000000, 0x00000000c4900000, 0x00000000d5580000)
  object space 1123328K, 99% used [0x0000000080000000,0x00000000c48f8970,0x00000000c4900000)
 Metaspace       used 80647K, committed 82304K, reserved 1179648K
  class space    used 7900K, committed 8704K, reserved 1048576K
}
Event: 49.849 GC heap before
{Heap before GC invocations=2494 (full 4):
 PSYoungGen      total 11776K, used 11296K [0x00000000d5580000, 0x00000000d6280000, 0x0000000100000000)
  eden space 10240K, 100% used [0x00000000d5580000,0x00000000d5f80000,0x00000000d5f80000)
  from space 1536K, 68% used [0x00000000d6000000,0x00000000d6108000,0x00000000d6180000)
  to   space 1024K, 0% used [0x00000000d6180000,0x00000000d6180000,0x00000000d6280000)
 ParOldGen       total 1123328K, used 1123298K [0x0000000080000000, 0x00000000c4900000, 0x00000000d5580000)
  object space 1123328K, 99% used [0x0000000080000000,0x00000000c48f8970,0x00000000c4900000)
 Metaspace       used 80925K, committed 82624K, reserved 1179648K
  class space    used 7928K, committed 8768K, reserved 1048576K
}
Event: 49.850 GC heap after
{Heap after GC invocations=2494 (full 4):
 PSYoungGen      total 11264K, used 532K [0x00000000d5580000, 0x00000000d6280000, 0x0000000100000000)
  eden space 10240K, 0% used [0x00000000d5580000,0x00000000d5580000,0x00000000d5f80000)
  from space 1024K, 52% used [0x00000000d6180000,0x00000000d6205200,0x00000000d6280000)
  to   space 1024K, 0% used [0x00000000d6080000,0x00000000d6080000,0x00000000d6180000)
 ParOldGen       total 1123840K, used 1123402K [0x0000000080000000, 0x00000000c4980000, 0x00000000d5580000)
  object space 1123840K, 99% used [0x0000000080000000,0x00000000c4912970,0x00000000c4980000)
 Metaspace       used 80925K, committed 82624K, reserved 1179648K
  class space    used 7928K, committed 8768K, reserved 1048576K
}
Event: 49.882 GC heap before
{Heap before GC invocations=2495 (full 4):
 PSYoungGen      total 11264K, used 10772K [0x00000000d5580000, 0x00000000d6280000, 0x0000000100000000)
  eden space 10240K, 100% used [0x00000000d5580000,0x00000000d5f80000,0x00000000d5f80000)
  from space 1024K, 52% used [0x00000000d6180000,0x00000000d6205200,0x00000000d6280000)
  to   space 1024K, 0% used [0x00000000d6080000,0x00000000d6080000,0x00000000d6180000)
 ParOldGen       total 1123840K, used 1123402K [0x0000000080000000, 0x00000000c4980000, 0x00000000d5580000)
  object space 1123840K, 99% used [0x0000000080000000,0x00000000c4912970,0x00000000c4980000)
 Metaspace       used 80999K, committed 82688K, reserved 1179648K
  class space    used 7948K, committed 8768K, reserved 1048576K
}
Event: 49.885 GC heap after
{Heap after GC invocations=2495 (full 4):
 PSYoungGen      total 11264K, used 1020K [0x00000000d5580000, 0x00000000d7180000, 0x0000000100000000)
  eden space 10240K, 0% used [0x00000000d5580000,0x00000000d5580000,0x00000000d5f80000)
  from space 1024K, 99% used [0x00000000d6080000,0x00000000d617f350,0x00000000d6180000)
  to   space 9216K, 0% used [0x00000000d6880000,0x00000000d6880000,0x00000000d7180000)
 ParOldGen       total 1130496K, used 1130141K [0x0000000080000000, 0x00000000c5000000, 0x00000000d5580000)
  object space 1130496K, 99% used [0x0000000080000000,0x00000000c4fa7400,0x00000000c5000000)
 Metaspace       used 80999K, committed 82688K, reserved 1179648K
  class space    used 7948K, committed 8768K, reserved 1048576K
}
Event: 49.911 GC heap before
{Heap before GC invocations=2496 (full 4):
 PSYoungGen      total 11264K, used 11260K [0x00000000d5580000, 0x00000000d7180000, 0x0000000100000000)
  eden space 10240K, 100% used [0x00000000d5580000,0x00000000d5f80000,0x00000000d5f80000)
  from space 1024K, 99% used [0x00000000d6080000,0x00000000d617f350,0x00000000d6180000)
  to   space 9216K, 0% used [0x00000000d6880000,0x00000000d6880000,0x00000000d7180000)
 ParOldGen       total 1130496K, used 1130141K [0x0000000080000000, 0x00000000c5000000, 0x00000000d5580000)
  object space 1130496K, 99% used [0x0000000080000000,0x00000000c4fa7400,0x00000000c5000000)
 Metaspace       used 81011K, committed 82688K, reserved 1179648K
  class space    used 7949K, committed 8768K, reserved 1048576K
}
Event: 49.913 GC heap after
{Heap after GC invocations=2496 (full 4):
 PSYoungGen      total 11776K, used 1449K [0x00000000d5580000, 0x00000000d6a00000, 0x0000000100000000)
  eden space 10240K, 0% used [0x00000000d5580000,0x00000000d5580000,0x00000000d5f80000)
  from space 1536K, 94% used [0x00000000d6880000,0x00000000d69ea6a0,0x00000000d6a00000)
  to   space 4096K, 0% used [0x00000000d6200000,0x00000000d6200000,0x00000000d6600000)
 ParOldGen       total 1130496K, used 1130277K [0x0000000080000000, 0x00000000c5000000, 0x00000000d5580000)
  object space 1130496K, 99% used [0x0000000080000000,0x00000000c4fc9400,0x00000000c5000000)
 Metaspace       used 81011K, committed 82688K, reserved 1179648K
  class space    used 7949K, committed 8768K, reserved 1048576K
}
Event: 49.925 GC heap before
{Heap before GC invocations=2497 (full 4):
 PSYoungGen      total 11776K, used 11689K [0x00000000d5580000, 0x00000000d6a00000, 0x0000000100000000)
  eden space 10240K, 100% used [0x00000000d5580000,0x00000000d5f80000,0x00000000d5f80000)
  from space 1536K, 94% used [0x00000000d6880000,0x00000000d69ea6a0,0x00000000d6a00000)
  to   space 4096K, 0% used [0x00000000d6200000,0x00000000d6200000,0x00000000d6600000)
 ParOldGen       total 1130496K, used 1130277K [0x0000000080000000, 0x00000000c5000000, 0x00000000d5580000)
  object space 1130496K, 99% used [0x0000000080000000,0x00000000c4fc9400,0x00000000c5000000)
 Metaspace       used 81011K, committed 82688K, reserved 1179648K
  class space    used 7949K, committed 8768K, reserved 1048576K
}
Event: 49.928 GC heap after
{Heap after GC invocations=2497 (full 4):
 PSYoungGen      total 14336K, used 4077K [0x00000000d5580000, 0x00000000d6c80000, 0x0000000100000000)
  eden space 10240K, 0% used [0x00000000d5580000,0x00000000d5580000,0x00000000d5f80000)
  from space 4096K, 99% used [0x00000000d6200000,0x00000000d65fb650,0x00000000d6600000)
  to   space 6656K, 0% used [0x00000000d6600000,0x00000000d6600000,0x00000000d6c80000)
 ParOldGen       total 1132032K, used 1131599K [0x0000000080000000, 0x00000000c5180000, 0x00000000d5580000)
  object space 1132032K, 99% used [0x0000000080000000,0x00000000c5113e00,0x00000000c5180000)
 Metaspace       used 81011K, committed 82688K, reserved 1179648K
  class space    used 7949K, committed 8768K, reserved 1048576K
}
Event: 49.963 GC heap before
{Heap before GC invocations=2498 (full 4):
 PSYoungGen      total 14336K, used 14317K [0x00000000d5580000, 0x00000000d6c80000, 0x0000000100000000)
  eden space 10240K, 100% used [0x00000000d5580000,0x00000000d5f80000,0x00000000d5f80000)
  from space 4096K, 99% used [0x00000000d6200000,0x00000000d65fb650,0x00000000d6600000)
  to   space 6656K, 0% used [0x00000000d6600000,0x00000000d6600000,0x00000000d6c80000)
 ParOldGen       total 1132032K, used 1131599K [0x0000000080000000, 0x00000000c5180000, 0x00000000d5580000)
  object space 1132032K, 99% used [0x0000000080000000,0x00000000c5113e00,0x00000000c5180000)
 Metaspace       used 81045K, committed 82688K, reserved 1179648K
  class space    used 7953K, committed 8768K, reserved 1048576K
}
Event: 49.964 GC heap after
{Heap after GC invocations=2498 (full 4):
 PSYoungGen      total 11776K, used 1140K [0x00000000d5580000, 0x00000000d6780000, 0x0000000100000000)
  eden space 10240K, 0% used [0x00000000d5580000,0x00000000d5580000,0x00000000d5f80000)
  from space 1536K, 74% used [0x00000000d6600000,0x00000000d671d200,0x00000000d6780000)
  to   space 3072K, 0% used [0x00000000d6180000,0x00000000d6180000,0x00000000d6480000)
 ParOldGen       total 1132544K, used 1132119K [0x0000000080000000, 0x00000000c5200000, 0x00000000d5580000)
  object space 1132544K, 99% used [0x0000000080000000,0x00000000c5195e40,0x00000000c5200000)
 Metaspace       used 81045K, committed 82688K, reserved 1179648K
  class space    used 7953K, committed 8768K, reserved 1048576K
}
Event: 49.983 GC heap before
{Heap before GC invocations=2499 (full 4):
 PSYoungGen      total 11776K, used 11380K [0x00000000d5580000, 0x00000000d6780000, 0x0000000100000000)
  eden space 10240K, 100% used [0x00000000d5580000,0x00000000d5f80000,0x00000000d5f80000)
  from space 1536K, 74% used [0x00000000d6600000,0x00000000d671d200,0x00000000d6780000)
  to   space 3072K, 0% used [0x00000000d6180000,0x00000000d6180000,0x00000000d6480000)
 ParOldGen       total 1132544K, used 1132119K [0x0000000080000000, 0x00000000c5200000, 0x00000000d5580000)
  object space 1132544K, 99% used [0x0000000080000000,0x00000000c5195e40,0x00000000c5200000)
 Metaspace       used 81100K, committed 82752K, reserved 1179648K
  class space    used 7955K, committed 8768K, reserved 1048576K
}
Event: 49.984 GC heap after
{Heap after GC invocations=2499 (full 4):
 PSYoungGen      total 13312K, used 704K [0x00000000d5580000, 0x00000000d6680000, 0x0000000100000000)
  eden space 10240K, 0% used [0x00000000d5580000,0x00000000d5580000,0x00000000d5f80000)
  from space 3072K, 22% used [0x00000000d6180000,0x00000000d6230000,0x00000000d6480000)
  to   space 1536K, 0% used [0x00000000d6500000,0x00000000d6500000,0x00000000d6680000)
 ParOldGen       total 1133568K, used 1133064K [0x0000000080000000, 0x00000000c5300000, 0x00000000d5580000)
  object space 1133568K, 99% used [0x0000000080000000,0x00000000c5282390,0x00000000c5300000)
 Metaspace       used 81100K, committed 82752K, reserved 1179648K
  class space    used 7955K, committed 8768K, reserved 1048576K
}
Event: 57.226 GC heap before
{Heap before GC invocations=2500 (full 4):
 PSYoungGen      total 13312K, used 10944K [0x00000000d5580000, 0x00000000d6680000, 0x0000000100000000)
  eden space 10240K, 100% used [0x00000000d5580000,0x00000000d5f80000,0x00000000d5f80000)
  from space 3072K, 22% used [0x00000000d6180000,0x00000000d6230000,0x00000000d6480000)
  to   space 1536K, 0% used [0x00000000d6500000,0x00000000d6500000,0x00000000d6680000)
 ParOldGen       total 1133568K, used 1133064K [0x0000000080000000, 0x00000000c5300000, 0x00000000d5580000)
  object space 1133568K, 99% used [0x0000000080000000,0x00000000c5282390,0x00000000c5300000)
 Metaspace       used 81390K, committed 83008K, reserved 1179648K
  class space    used 7987K, committed 8768K, reserved 1048576K
}
Event: 57.229 GC heap after
{Heap after GC invocations=2500 (full 4):
 PSYoungGen      total 11264K, used 894K [0x00000000d5580000, 0x00000000d6600000, 0x0000000100000000)
  eden space 10240K, 0% used [0x00000000d5580000,0x00000000d5580000,0x00000000d5f80000)
  from space 1024K, 87% used [0x00000000d6500000,0x00000000d65dfa20,0x00000000d6600000)
  to   space 1024K, 0% used [0x00000000d6400000,0x00000000d6400000,0x00000000d6500000)
 ParOldGen       total 1133568K, used 1133384K [0x0000000080000000, 0x00000000c5300000, 0x00000000d5580000)
  object space 1133568K, 99% used [0x0000000080000000,0x00000000c52d2390,0x00000000c5300000)
 Metaspace       used 81390K, committed 83008K, reserved 1179648K
  class space    used 7987K, committed 8768K, reserved 1048576K
}

