# JRE version: OpenJDK Runtime Environment Temurin-21.0.7+6 (21.0.7+6) (build 21.0.7+6-LTS)
# Java VM: OpenJDK 64-Bit Server VM Temurin-21.0.7+6 (21.0.7+6-LTS, mixed mode, sharing, tiered, compressed oops, compressed class ptrs, parallel gc, windows-amd64)
GC Precious Log:
 CardTable entry size: 512
 CPUs: 16 total, 16 available
 Memory: 16123M
 Large Page Support: Disabled
 NUMA Support: Disabled
 Compressed Oops: Enabled (32-bit)
 Alignments: Space 512K, Generation 512K, Heap 2M
 Heap Min Capacity: 100M
 Heap Initial Capacity: 100M
 Heap Max Capacity: 2G
 Pre-touch: Disabled
 Parallel Workers: 13
Heap:
 PSYoungGen      total 13312K, used 8383K [0x00000000d5580000, 0x00000000d6500000, 0x0000000100000000)
  eden space 11264K, 60% used [0x00000000d5580000,0x00000000d5c1ed48,0x00000000d6080000)
  from space 2048K, 78% used [0x00000000d6280000,0x00000000d6411210,0x00000000d6480000)
  to   space 2048K, 0% used [0x00000000d6080000,0x00000000d6080000,0x00000000d6280000)
 ParOldGen       total 1245184K, used 1244887K [0x0000000080000000, 0x00000000cc000000, 0x00000000d5580000)
  object space 1245184K, 99% used [0x0000000080000000,0x00000000cbfb5f80,0x00000000cc000000)
 Metaspace       used 81716K, committed 83392K, reserved 1179648K
  class space    used 7929K, committed 8768K, reserved 1048576K
GC Heap History (20 events):
Event: 70.337 GC heap after
{Heap after GC invocations=2062 (full 4):
 PSYoungGen      total 9216K, used 1517K [0x00000000d5580000, 0x00000000d6480000, 0x0000000100000000)
  eden space 7680K, 0% used [0x00000000d5580000,0x00000000d5580000,0x00000000d5d00000)
  from space 1536K, 98% used [0x00000000d6000000,0x00000000d617b650,0x00000000d6180000)
  to   space 3072K, 0% used [0x00000000d5d00000,0x00000000d5d00000,0x00000000d6000000)
 ParOldGen       total 1230848K, used 1230601K [0x0000000080000000, 0x00000000cb200000, 0x00000000d5580000)
  object space 1230848K, 99% used [0x0000000080000000,0x00000000cb1c2678,0x00000000cb200000)
 Metaspace       used 81599K, committed 83328K, reserved 1179648K
  class space    used 7918K, committed 8768K, reserved 1048576K
}
Event: 70.341 GC heap before
{Heap before GC invocations=2063 (full 4):
 PSYoungGen      total 9216K, used 9197K [0x00000000d5580000, 0x00000000d6480000, 0x0000000100000000)
  eden space 7680K, 100% used [0x00000000d5580000,0x00000000d5d00000,0x00000000d5d00000)
  from space 1536K, 98% used [0x00000000d6000000,0x00000000d617b650,0x00000000d6180000)
  to   space 3072K, 0% used [0x00000000d5d00000,0x00000000d5d00000,0x00000000d6000000)
 ParOldGen       total 1230848K, used 1230601K [0x0000000080000000, 0x00000000cb200000, 0x00000000d5580000)
  object space 1230848K, 99% used [0x0000000080000000,0x00000000cb1c2678,0x00000000cb200000)
 Metaspace       used 81599K, committed 83328K, reserved 1179648K
  class space    used 7918K, committed 8768K, reserved 1048576K
}
Event: 70.343 GC heap after
{Heap after GC invocations=2063 (full 4):
 PSYoungGen      total 10752K, used 2272K [0x00000000d5580000, 0x00000000d6380000, 0x0000000100000000)
  eden space 7680K, 0% used [0x00000000d5580000,0x00000000d5580000,0x00000000d5d00000)
  from space 3072K, 73% used [0x00000000d5d00000,0x00000000d5f38000,0x00000000d6000000)
  to   space 2560K, 0% used [0x00000000d6100000,0x00000000d6100000,0x00000000d6380000)
 ParOldGen       total 1231872K, used 1231615K [0x0000000080000000, 0x00000000cb300000, 0x00000000d5580000)
  object space 1231872K, 99% used [0x0000000080000000,0x00000000cb2bff10,0x00000000cb300000)
 Metaspace       used 81599K, committed 83328K, reserved 1179648K
  class space    used 7918K, committed 8768K, reserved 1048576K
}
Event: 70.352 GC heap before
{Heap before GC invocations=2064 (full 4):
 PSYoungGen      total 10752K, used 9952K [0x00000000d5580000, 0x00000000d6380000, 0x0000000100000000)
  eden space 7680K, 100% used [0x00000000d5580000,0x00000000d5d00000,0x00000000d5d00000)
  from space 3072K, 73% used [0x00000000d5d00000,0x00000000d5f38000,0x00000000d6000000)
  to   space 2560K, 0% used [0x00000000d6100000,0x00000000d6100000,0x00000000d6380000)
 ParOldGen       total 1231872K, used 1231615K [0x0000000080000000, 0x00000000cb300000, 0x00000000d5580000)
  object space 1231872K, 99% used [0x0000000080000000,0x00000000cb2bff10,0x00000000cb300000)
 Metaspace       used 81599K, committed 83328K, reserved 1179648K
  class space    used 7918K, committed 8768K, reserved 1048576K
}
Event: 70.354 GC heap after
{Heap after GC invocations=2064 (full 4):
 PSYoungGen      total 8704K, used 2559K [0x00000000d5580000, 0x00000000d6980000, 0x0000000100000000)
  eden space 6144K, 0% used [0x00000000d5580000,0x00000000d5580000,0x00000000d5b80000)
  from space 2560K, 99% used [0x00000000d6100000,0x00000000d637fd40,0x00000000d6380000)
  to   space 5632K, 0% used [0x00000000d5b80000,0x00000000d5b80000,0x00000000d6100000)
 ParOldGen       total 1233920K, used 1233775K [0x0000000080000000, 0x00000000cb500000, 0x00000000d5580000)
  object space 1233920K, 99% used [0x0000000080000000,0x00000000cb4dbf10,0x00000000cb500000)
 Metaspace       used 81599K, committed 83328K, reserved 1179648K
  class space    used 7918K, committed 8768K, reserved 1048576K
}
Event: 70.362 GC heap before
{Heap before GC invocations=2065 (full 4):
 PSYoungGen      total 8704K, used 8703K [0x00000000d5580000, 0x00000000d6980000, 0x0000000100000000)
  eden space 6144K, 100% used [0x00000000d5580000,0x00000000d5b80000,0x00000000d5b80000)
  from space 2560K, 99% used [0x00000000d6100000,0x00000000d637fd40,0x00000000d6380000)
  to   space 5632K, 0% used [0x00000000d5b80000,0x00000000d5b80000,0x00000000d6100000)
 ParOldGen       total 1233920K, used 1233775K [0x0000000080000000, 0x00000000cb500000, 0x00000000d5580000)
  object space 1233920K, 99% used [0x0000000080000000,0x00000000cb4dbf10,0x00000000cb500000)
 Metaspace       used 81599K, committed 83328K, reserved 1179648K
  class space    used 7918K, committed 8768K, reserved 1048576K
}
Event: 70.364 GC heap after
{Heap after GC invocations=2065 (full 4):
 PSYoungGen      total 7168K, used 576K [0x00000000d5580000, 0x00000000d6200000, 0x0000000100000000)
  eden space 6144K, 0% used [0x00000000d5580000,0x00000000d5580000,0x00000000d5b80000)
  from space 1024K, 56% used [0x00000000d5b80000,0x00000000d5c10000,0x00000000d5c80000)
  to   space 2560K, 0% used [0x00000000d5f80000,0x00000000d5f80000,0x00000000d6200000)
 ParOldGen       total 1235456K, used 1235039K [0x0000000080000000, 0x00000000cb680000, 0x00000000d5580000)
  object space 1235456K, 99% used [0x0000000080000000,0x00000000cb617f10,0x00000000cb680000)
 Metaspace       used 81599K, committed 83328K, reserved 1179648K
  class space    used 7918K, committed 8768K, reserved 1048576K
}
Event: 70.374 GC heap before
{Heap before GC invocations=2066 (full 4):
 PSYoungGen      total 7168K, used 6720K [0x00000000d5580000, 0x00000000d6200000, 0x0000000100000000)
  eden space 6144K, 100% used [0x00000000d5580000,0x00000000d5b80000,0x00000000d5b80000)
  from space 1024K, 56% used [0x00000000d5b80000,0x00000000d5c10000,0x00000000d5c80000)
  to   space 2560K, 0% used [0x00000000d5f80000,0x00000000d5f80000,0x00000000d6200000)
 ParOldGen       total 1235456K, used 1235039K [0x0000000080000000, 0x00000000cb680000, 0x00000000d5580000)
  object space 1235456K, 99% used [0x0000000080000000,0x00000000cb617f10,0x00000000cb680000)
 Metaspace       used 81599K, committed 83328K, reserved 1179648K
  class space    used 7918K, committed 8768K, reserved 1048576K
}
Event: 70.376 GC heap after
{Heap after GC invocations=2066 (full 4):
 PSYoungGen      total 9216K, used 1248K [0x00000000d5580000, 0x00000000d6100000, 0x0000000100000000)
  eden space 7680K, 0% used [0x00000000d5580000,0x00000000d5580000,0x00000000d5d00000)
  from space 1536K, 81% used [0x00000000d5f80000,0x00000000d60b8000,0x00000000d6100000)
  to   space 1536K, 0% used [0x00000000d5e00000,0x00000000d5e00000,0x00000000d5f80000)
 ParOldGen       total 1235456K, used 1235455K [0x0000000080000000, 0x00000000cb680000, 0x00000000d5580000)
  object space 1235456K, 99% used [0x0000000080000000,0x00000000cb67ff10,0x00000000cb680000)
 Metaspace       used 81599K, committed 83328K, reserved 1179648K
  class space    used 7918K, committed 8768K, reserved 1048576K
}
Event: 70.393 GC heap before
{Heap before GC invocations=2067 (full 4):
 PSYoungGen      total 9216K, used 8928K [0x00000000d5580000, 0x00000000d6100000, 0x0000000100000000)
  eden space 7680K, 100% used [0x00000000d5580000,0x00000000d5d00000,0x00000000d5d00000)
  from space 1536K, 81% used [0x00000000d5f80000,0x00000000d60b8000,0x00000000d6100000)
  to   space 1536K, 0% used [0x00000000d5e00000,0x00000000d5e00000,0x00000000d5f80000)
 ParOldGen       total 1235456K, used 1235455K [0x0000000080000000, 0x00000000cb680000, 0x00000000d5580000)
  object space 1235456K, 99% used [0x0000000080000000,0x00000000cb67ff10,0x00000000cb680000)
 Metaspace       used 81599K, committed 83328K, reserved 1179648K
  class space    used 7918K, committed 8768K, reserved 1048576K
}
Event: 70.395 GC heap after
{Heap after GC invocations=2067 (full 4):
 PSYoungGen      total 9216K, used 1536K [0x00000000d5580000, 0x00000000d6300000, 0x0000000100000000)
  eden space 7680K, 0% used [0x00000000d5580000,0x00000000d5580000,0x00000000d5d00000)
  from space 1536K, 100% used [0x00000000d5e00000,0x00000000d5f80000,0x00000000d5f80000)
  to   space 3072K, 0% used [0x00000000d6000000,0x00000000d6000000,0x00000000d6300000)
 ParOldGen       total 1236992K, used 1236607K [0x0000000080000000, 0x00000000cb800000, 0x00000000d5580000)
  object space 1236992K, 99% used [0x0000000080000000,0x00000000cb79ff20,0x00000000cb800000)
 Metaspace       used 81599K, committed 83328K, reserved 1179648K
  class space    used 7918K, committed 8768K, reserved 1048576K
}
Event: 70.488 GC heap before
{Heap before GC invocations=2068 (full 4):
 PSYoungGen      total 9216K, used 9216K [0x00000000d5580000, 0x00000000d6300000, 0x0000000100000000)
  eden space 7680K, 100% used [0x00000000d5580000,0x00000000d5d00000,0x00000000d5d00000)
  from space 1536K, 100% used [0x00000000d5e00000,0x00000000d5f80000,0x00000000d5f80000)
  to   space 3072K, 0% used [0x00000000d6000000,0x00000000d6000000,0x00000000d6300000)
 ParOldGen       total 1236992K, used 1236607K [0x0000000080000000, 0x00000000cb800000, 0x00000000d5580000)
  object space 1236992K, 99% used [0x0000000080000000,0x00000000cb79ff20,0x00000000cb800000)
 Metaspace       used 81621K, committed 83328K, reserved 1179648K
  class space    used 7918K, committed 8768K, reserved 1048576K
}
Event: 70.491 GC heap after
{Heap after GC invocations=2068 (full 4):
 PSYoungGen      total 8704K, used 772K [0x00000000d5580000, 0x00000000d6100000, 0x0000000100000000)
  eden space 7680K, 0% used [0x00000000d5580000,0x00000000d5580000,0x00000000d5d00000)
  from space 1024K, 75% used [0x00000000d6000000,0x00000000d60c1230,0x00000000d6100000)
  to   space 1536K, 0% used [0x00000000d5e00000,0x00000000d5e00000,0x00000000d5f80000)
 ParOldGen       total 1238528K, used 1238145K [0x0000000080000000, 0x00000000cb980000, 0x00000000d5580000)
  object space 1238528K, 99% used [0x0000000080000000,0x00000000cb920678,0x00000000cb980000)
 Metaspace       used 81621K, committed 83328K, reserved 1179648K
  class space    used 7918K, committed 8768K, reserved 1048576K
}
Event: 70.502 GC heap before
{Heap before GC invocations=2069 (full 4):
 PSYoungGen      total 8704K, used 8452K [0x00000000d5580000, 0x00000000d6100000, 0x0000000100000000)
  eden space 7680K, 100% used [0x00000000d5580000,0x00000000d5d00000,0x00000000d5d00000)
  from space 1024K, 75% used [0x00000000d6000000,0x00000000d60c1230,0x00000000d6100000)
  to   space 1536K, 0% used [0x00000000d5e00000,0x00000000d5e00000,0x00000000d5f80000)
 ParOldGen       total 1238528K, used 1238145K [0x0000000080000000, 0x00000000cb980000, 0x00000000d5580000)
  object space 1238528K, 99% used [0x0000000080000000,0x00000000cb920678,0x00000000cb980000)
 Metaspace       used 81621K, committed 83328K, reserved 1179648K
  class space    used 7918K, committed 8768K, reserved 1048576K
}
Event: 70.504 GC heap after
{Heap after GC invocations=2069 (full 4):
 PSYoungGen      total 9216K, used 832K [0x00000000d5580000, 0x00000000d6080000, 0x0000000100000000)
  eden space 7680K, 0% used [0x00000000d5580000,0x00000000d5580000,0x00000000d5d00000)
  from space 1536K, 54% used [0x00000000d5e00000,0x00000000d5ed0000,0x00000000d5f80000)
  to   space 1024K, 0% used [0x00000000d5f80000,0x00000000d5f80000,0x00000000d6080000)
 ParOldGen       total 1239040K, used 1238717K [0x0000000080000000, 0x00000000cba00000, 0x00000000d5580000)
  object space 1239040K, 99% used [0x0000000080000000,0x00000000cb9af660,0x00000000cba00000)
 Metaspace       used 81621K, committed 83328K, reserved 1179648K
  class space    used 7918K, committed 8768K, reserved 1048576K
}
Event: 70.554 GC heap before
{Heap before GC invocations=2070 (full 4):
 PSYoungGen      total 9216K, used 8512K [0x00000000d5580000, 0x00000000d6080000, 0x0000000100000000)
  eden space 7680K, 100% used [0x00000000d5580000,0x00000000d5d00000,0x00000000d5d00000)
  from space 1536K, 54% used [0x00000000d5e00000,0x00000000d5ed0000,0x00000000d5f80000)
  to   space 1024K, 0% used [0x00000000d5f80000,0x00000000d5f80000,0x00000000d6080000)
 ParOldGen       total 1239040K, used 1238717K [0x0000000080000000, 0x00000000cba00000, 0x00000000d5580000)
  object space 1239040K, 99% used [0x0000000080000000,0x00000000cb9af660,0x00000000cba00000)
 Metaspace       used 81639K, committed 83392K, reserved 1179648K
  class space    used 7918K, committed 8768K, reserved 1048576K
}
Event: 70.555 GC heap after
{Heap after GC invocations=2070 (full 4):
 PSYoungGen      total 8704K, used 1017K [0x00000000d5580000, 0x00000000d6100000, 0x0000000100000000)
  eden space 7680K, 0% used [0x00000000d5580000,0x00000000d5580000,0x00000000d5d00000)
  from space 1024K, 99% used [0x00000000d5f80000,0x00000000d607e6b0,0x00000000d6080000)
  to   space 2048K, 0% used [0x00000000d5d00000,0x00000000d5d00000,0x00000000d5f00000)
 ParOldGen       total 1239552K, used 1239509K [0x0000000080000000, 0x00000000cba80000, 0x00000000d5580000)
  object space 1239552K, 99% used [0x0000000080000000,0x00000000cba756c0,0x00000000cba80000)
 Metaspace       used 81639K, committed 83392K, reserved 1179648K
  class space    used 7918K, committed 8768K, reserved 1048576K
}
Event: 70.567 GC heap before
{Heap before GC invocations=2071 (full 4):
 PSYoungGen      total 8704K, used 8697K [0x00000000d5580000, 0x00000000d6100000, 0x0000000100000000)
  eden space 7680K, 100% used [0x00000000d5580000,0x00000000d5d00000,0x00000000d5d00000)
  from space 1024K, 99% used [0x00000000d5f80000,0x00000000d607e6b0,0x00000000d6080000)
  to   space 2048K, 0% used [0x00000000d5d00000,0x00000000d5d00000,0x00000000d5f00000)
 ParOldGen       total 1239552K, used 1239509K [0x0000000080000000, 0x00000000cba80000, 0x00000000d5580000)
  object space 1239552K, 99% used [0x0000000080000000,0x00000000cba756c0,0x00000000cba80000)
 Metaspace       used 81639K, committed 83392K, reserved 1179648K
  class space    used 7918K, committed 8768K, reserved 1048576K
}
Event: 70.569 GC heap after
{Heap after GC invocations=2071 (full 4):
 PSYoungGen      total 8704K, used 864K [0x00000000d5580000, 0x00000000d6000000, 0x0000000100000000)
  eden space 7680K, 0% used [0x00000000d5580000,0x00000000d5580000,0x00000000d5d00000)
  from space 1024K, 84% used [0x00000000d5d00000,0x00000000d5dd8000,0x00000000d5e00000)
  to   space 1536K, 0% used [0x00000000d5e80000,0x00000000d5e80000,0x00000000d6000000)
 ParOldGen       total 1240576K, used 1240538K [0x0000000080000000, 0x00000000cbb80000, 0x00000000d5580000)
  object space 1240576K, 99% used [0x0000000080000000,0x00000000cbb76b58,0x00000000cbb80000)
 Metaspace       used 81639K, committed 83392K, reserved 1179648K
  class space    used 7918K, committed 8768K, reserved 1048576K
}
Event: 70.627 GC heap before
{Heap before GC invocations=2072 (full 4):
 PSYoungGen      total 8704K, used 8544K [0x00000000d5580000, 0x00000000d6000000, 0x0000000100000000)
  eden space 7680K, 100% used [0x00000000d5580000,0x00000000d5d00000,0x00000000d5d00000)
  from space 1024K, 84% used [0x00000000d5d00000,0x00000000d5dd8000,0x00000000d5e00000)
  to   space 1536K, 0% used [0x00000000d5e80000,0x00000000d5e80000,0x00000000d6000000)
 ParOldGen       total 1240576K, used 1240538K [0x0000000080000000, 0x00000000cbb80000, 0x00000000d5580000)
  object space 1240576K, 99% used [0x0000000080000000,0x00000000cbb76b58,0x00000000cbb80000)
 Metaspace       used 81645K, committed 83392K, reserved 1179648K
  class space    used 7918K, committed 8768K, reserved 1048576K
}

