# JRE version: OpenJDK Runtime Environment Temurin-21.0.7+6 (21.0.7+6) (build 21.0.7+6-LTS)
# Java VM: OpenJDK 64-Bit Server VM Temurin-21.0.7+6 (21.0.7+6-LTS, mixed mode, sharing, tiered, compressed oops, compressed class ptrs, parallel gc, windows-amd64)
GC Precious Log:
 CardTable entry size: 512
 CPUs: 16 total, 16 available
 Memory: 16123M
 Large Page Support: Disabled
 NUMA Support: Disabled
 Compressed Oops: Enabled (32-bit)
 Alignments: Space 512K, Generation 512K, Heap 2M
 Heap Min Capacity: 100M
 Heap Initial Capacity: 100M
 Heap Max Capacity: 2G
 Pre-touch: Disabled
 Parallel Workers: 13
Heap:
 PSYoungGen      total 4608K, used 1482K [0x00000000d5580000, 0x00000000d5b80000, 0x0000000100000000)
  eden space 3072K, 16% used [0x00000000d5580000,0x00000000d55fe100,0x00000000d5880000)
  from space 1536K, 63% used [0x00000000d5a00000,0x00000000d5af4808,0x00000000d5b80000)
  to   space 1536K, 0% used [0x00000000d5880000,0x00000000d5880000,0x00000000d5a00000)
 ParOldGen       total 954368K, used 953963K [0x0000000080000000, 0x00000000ba400000, 0x00000000d5580000)
  object space 954368K, 99% used [0x0000000080000000,0x00000000ba39ac58,0x00000000ba400000)
 Metaspace       used 76035K, committed 77760K, reserved 1179648K
  class space    used 7383K, committed 8192K, reserved 1048576K
GC Heap History (20 events):
Event: 33.383 GC heap after
{Heap after GC invocations=2373 (full 4):
 PSYoungGen      total 2560K, used 592K [0x00000000d5580000, 0x00000000d5980000, 0x0000000100000000)
  eden space 1536K, 0% used [0x00000000d5580000,0x00000000d5580000,0x00000000d5700000)
  from space 1024K, 57% used [0x00000000d5800000,0x00000000d58941f8,0x00000000d5900000)
  to   space 512K, 0% used [0x00000000d5900000,0x00000000d5900000,0x00000000d5980000)
 ParOldGen       total 944640K, used 944240K [0x0000000080000000, 0x00000000b9a80000, 0x00000000d5580000)
  object space 944640K, 99% used [0x0000000080000000,0x00000000b9a1c248,0x00000000b9a80000)
 Metaspace       used 75933K, committed 77632K, reserved 1179648K
  class space    used 7365K, committed 8128K, reserved 1048576K
}
Event: 33.404 GC heap before
{Heap before GC invocations=2374 (full 4):
 PSYoungGen      total 2560K, used 2128K [0x00000000d5580000, 0x00000000d5980000, 0x0000000100000000)
  eden space 1536K, 100% used [0x00000000d5580000,0x00000000d5700000,0x00000000d5700000)
  from space 1024K, 57% used [0x00000000d5800000,0x00000000d58941f8,0x00000000d5900000)
  to   space 512K, 0% used [0x00000000d5900000,0x00000000d5900000,0x00000000d5980000)
 ParOldGen       total 944640K, used 944240K [0x0000000080000000, 0x00000000b9a80000, 0x00000000d5580000)
  object space 944640K, 99% used [0x0000000080000000,0x00000000b9a1c248,0x00000000b9a80000)
 Metaspace       used 75933K, committed 77632K, reserved 1179648K
  class space    used 7365K, committed 8128K, reserved 1048576K
}
Event: 33.406 GC heap after
{Heap after GC invocations=2374 (full 4):
 PSYoungGen      total 2560K, used 496K [0x00000000d5580000, 0x00000000d5a80000, 0x0000000100000000)
  eden space 2048K, 0% used [0x00000000d5580000,0x00000000d5580000,0x00000000d5780000)
  from space 512K, 96% used [0x00000000d5900000,0x00000000d597c010,0x00000000d5980000)
  to   space 1536K, 0% used [0x00000000d5780000,0x00000000d5780000,0x00000000d5900000)
 ParOldGen       total 945152K, used 944767K [0x0000000080000000, 0x00000000b9b00000, 0x00000000d5580000)
  object space 945152K, 99% used [0x0000000080000000,0x00000000b9a9fd50,0x00000000b9b00000)
 Metaspace       used 75933K, committed 77632K, reserved 1179648K
  class space    used 7365K, committed 8128K, reserved 1048576K
}
Event: 33.410 GC heap before
{Heap before GC invocations=2375 (full 4):
 PSYoungGen      total 2560K, used 2544K [0x00000000d5580000, 0x00000000d5a80000, 0x0000000100000000)
  eden space 2048K, 100% used [0x00000000d5580000,0x00000000d5780000,0x00000000d5780000)
  from space 512K, 96% used [0x00000000d5900000,0x00000000d597c010,0x00000000d5980000)
  to   space 1536K, 0% used [0x00000000d5780000,0x00000000d5780000,0x00000000d5900000)
 ParOldGen       total 945152K, used 944767K [0x0000000080000000, 0x00000000b9b00000, 0x00000000d5580000)
  object space 945152K, 99% used [0x0000000080000000,0x00000000b9a9fd50,0x00000000b9b00000)
 Metaspace       used 75933K, committed 77632K, reserved 1179648K
  class space    used 7365K, committed 8128K, reserved 1048576K
}
Event: 33.412 GC heap after
{Heap after GC invocations=2375 (full 4):
 PSYoungGen      total 3584K, used 1531K [0x00000000d5580000, 0x00000000d5d00000, 0x0000000100000000)
  eden space 2048K, 0% used [0x00000000d5580000,0x00000000d5580000,0x00000000d5780000)
  from space 1536K, 99% used [0x00000000d5780000,0x00000000d58fed20,0x00000000d5900000)
  to   space 2560K, 0% used [0x00000000d5a80000,0x00000000d5a80000,0x00000000d5d00000)
 ParOldGen       total 945664K, used 945301K [0x0000000080000000, 0x00000000b9b80000, 0x00000000d5580000)
  object space 945664K, 99% used [0x0000000080000000,0x00000000b9b25750,0x00000000b9b80000)
 Metaspace       used 75933K, committed 77632K, reserved 1179648K
  class space    used 7365K, committed 8128K, reserved 1048576K
}
Event: 33.427 GC heap before
{Heap before GC invocations=2376 (full 4):
 PSYoungGen      total 3584K, used 3579K [0x00000000d5580000, 0x00000000d5d00000, 0x0000000100000000)
  eden space 2048K, 100% used [0x00000000d5580000,0x00000000d5780000,0x00000000d5780000)
  from space 1536K, 99% used [0x00000000d5780000,0x00000000d58fed20,0x00000000d5900000)
  to   space 2560K, 0% used [0x00000000d5a80000,0x00000000d5a80000,0x00000000d5d00000)
 ParOldGen       total 945664K, used 945301K [0x0000000080000000, 0x00000000b9b80000, 0x00000000d5580000)
  object space 945664K, 99% used [0x0000000080000000,0x00000000b9b25750,0x00000000b9b80000)
 Metaspace       used 75933K, committed 77632K, reserved 1179648K
  class space    used 7365K, committed 8128K, reserved 1048576K
}
Event: 33.429 GC heap after
{Heap after GC invocations=2376 (full 4):
 PSYoungGen      total 4096K, used 1239K [0x00000000d5580000, 0x00000000d5c00000, 0x0000000100000000)
  eden space 2560K, 0% used [0x00000000d5580000,0x00000000d5580000,0x00000000d5800000)
  from space 1536K, 80% used [0x00000000d5a80000,0x00000000d5bb5d30,0x00000000d5c00000)
  to   space 1536K, 0% used [0x00000000d5900000,0x00000000d5900000,0x00000000d5a80000)
 ParOldGen       total 947200K, used 946742K [0x0000000080000000, 0x00000000b9d00000, 0x00000000d5580000)
  object space 947200K, 99% used [0x0000000080000000,0x00000000b9c8dbc8,0x00000000b9d00000)
 Metaspace       used 75933K, committed 77632K, reserved 1179648K
  class space    used 7365K, committed 8128K, reserved 1048576K
}
Event: 33.443 GC heap before
{Heap before GC invocations=2377 (full 4):
 PSYoungGen      total 4096K, used 3799K [0x00000000d5580000, 0x00000000d5c00000, 0x0000000100000000)
  eden space 2560K, 100% used [0x00000000d5580000,0x00000000d5800000,0x00000000d5800000)
  from space 1536K, 80% used [0x00000000d5a80000,0x00000000d5bb5d30,0x00000000d5c00000)
  to   space 1536K, 0% used [0x00000000d5900000,0x00000000d5900000,0x00000000d5a80000)
 ParOldGen       total 947200K, used 946742K [0x0000000080000000, 0x00000000b9d00000, 0x00000000d5580000)
  object space 947200K, 99% used [0x0000000080000000,0x00000000b9c8dbc8,0x00000000b9d00000)
 Metaspace       used 75933K, committed 77632K, reserved 1179648K
  class space    used 7365K, committed 8128K, reserved 1048576K
}
Event: 33.445 GC heap after
{Heap after GC invocations=2377 (full 4):
 PSYoungGen      total 4096K, used 1252K [0x00000000d5580000, 0x00000000d5b00000, 0x0000000100000000)
  eden space 2560K, 0% used [0x00000000d5580000,0x00000000d5580000,0x00000000d5800000)
  from space 1536K, 81% used [0x00000000d5900000,0x00000000d5a39010,0x00000000d5a80000)
  to   space 512K, 0% used [0x00000000d5a80000,0x00000000d5a80000,0x00000000d5b00000)
 ParOldGen       total 948224K, used 947724K [0x0000000080000000, 0x00000000b9e00000, 0x00000000d5580000)
  object space 948224K, 99% used [0x0000000080000000,0x00000000b9d830d8,0x00000000b9e00000)
 Metaspace       used 75933K, committed 77632K, reserved 1179648K
  class space    used 7365K, committed 8128K, reserved 1048576K
}
Event: 33.467 GC heap before
{Heap before GC invocations=2378 (full 4):
 PSYoungGen      total 4096K, used 3812K [0x00000000d5580000, 0x00000000d5b00000, 0x0000000100000000)
  eden space 2560K, 100% used [0x00000000d5580000,0x00000000d5800000,0x00000000d5800000)
  from space 1536K, 81% used [0x00000000d5900000,0x00000000d5a39010,0x00000000d5a80000)
  to   space 512K, 0% used [0x00000000d5a80000,0x00000000d5a80000,0x00000000d5b00000)
 ParOldGen       total 948224K, used 947724K [0x0000000080000000, 0x00000000b9e00000, 0x00000000d5580000)
  object space 948224K, 99% used [0x0000000080000000,0x00000000b9d830d8,0x00000000b9e00000)
 Metaspace       used 75933K, committed 77632K, reserved 1179648K
  class space    used 7365K, committed 8128K, reserved 1048576K
}
Event: 33.469 GC heap after
{Heap after GC invocations=2378 (full 4):
 PSYoungGen      total 3072K, used 512K [0x00000000d5580000, 0x00000000d5c00000, 0x0000000100000000)
  eden space 2560K, 0% used [0x00000000d5580000,0x00000000d5580000,0x00000000d5800000)
  from space 512K, 100% used [0x00000000d5a80000,0x00000000d5b00000,0x00000000d5b00000)
  to   space 2048K, 0% used [0x00000000d5800000,0x00000000d5800000,0x00000000d5a00000)
 ParOldGen       total 949248K, used 948975K [0x0000000080000000, 0x00000000b9f00000, 0x00000000d5580000)
  object space 949248K, 99% used [0x0000000080000000,0x00000000b9ebbf88,0x00000000b9f00000)
 Metaspace       used 75933K, committed 77632K, reserved 1179648K
  class space    used 7365K, committed 8128K, reserved 1048576K
}
Event: 33.485 GC heap before
{Heap before GC invocations=2379 (full 4):
 PSYoungGen      total 3072K, used 3071K [0x00000000d5580000, 0x00000000d5c00000, 0x0000000100000000)
  eden space 2560K, 99% used [0x00000000d5580000,0x00000000d57ffff8,0x00000000d5800000)
  from space 512K, 100% used [0x00000000d5a80000,0x00000000d5b00000,0x00000000d5b00000)
  to   space 2048K, 0% used [0x00000000d5800000,0x00000000d5800000,0x00000000d5a00000)
 ParOldGen       total 949248K, used 948975K [0x0000000080000000, 0x00000000b9f00000, 0x00000000d5580000)
  object space 949248K, 99% used [0x0000000080000000,0x00000000b9ebbf88,0x00000000b9f00000)
 Metaspace       used 75933K, committed 77632K, reserved 1179648K
  class space    used 7365K, committed 8128K, reserved 1048576K
}
Event: 33.487 GC heap after
{Heap after GC invocations=2379 (full 4):
 PSYoungGen      total 4608K, used 1600K [0x00000000d5580000, 0x00000000d5c00000, 0x0000000100000000)
  eden space 2560K, 0% used [0x00000000d5580000,0x00000000d5580000,0x00000000d5800000)
  from space 2048K, 78% used [0x00000000d5800000,0x00000000d5990000,0x00000000d5a00000)
  to   space 2048K, 0% used [0x00000000d5a00000,0x00000000d5a00000,0x00000000d5c00000)
 ParOldGen       total 949760K, used 949512K [0x0000000080000000, 0x00000000b9f80000, 0x00000000d5580000)
  object space 949760K, 99% used [0x0000000080000000,0x00000000b9f422f0,0x00000000b9f80000)
 Metaspace       used 75933K, committed 77632K, reserved 1179648K
  class space    used 7365K, committed 8128K, reserved 1048576K
}
Event: 33.506 GC heap before
{Heap before GC invocations=2380 (full 4):
 PSYoungGen      total 4608K, used 4160K [0x00000000d5580000, 0x00000000d5c00000, 0x0000000100000000)
  eden space 2560K, 100% used [0x00000000d5580000,0x00000000d5800000,0x00000000d5800000)
  from space 2048K, 78% used [0x00000000d5800000,0x00000000d5990000,0x00000000d5a00000)
  to   space 2048K, 0% used [0x00000000d5a00000,0x00000000d5a00000,0x00000000d5c00000)
 ParOldGen       total 949760K, used 949512K [0x0000000080000000, 0x00000000b9f80000, 0x00000000d5580000)
  object space 949760K, 99% used [0x0000000080000000,0x00000000b9f422f0,0x00000000b9f80000)
 Metaspace       used 75933K, committed 77632K, reserved 1179648K
  class space    used 7365K, committed 8128K, reserved 1048576K
}
Event: 33.508 GC heap after
{Heap after GC invocations=2380 (full 4):
 PSYoungGen      total 3584K, used 864K [0x00000000d5580000, 0x00000000d5b00000, 0x0000000100000000)
  eden space 2560K, 0% used [0x00000000d5580000,0x00000000d5580000,0x00000000d5800000)
  from space 1024K, 84% used [0x00000000d5a00000,0x00000000d5ad8000,0x00000000d5b00000)
  to   space 1536K, 0% used [0x00000000d5800000,0x00000000d5800000,0x00000000d5980000)
 ParOldGen       total 950784K, used 950472K [0x0000000080000000, 0x00000000ba080000, 0x00000000d5580000)
  object space 950784K, 99% used [0x0000000080000000,0x00000000ba032360,0x00000000ba080000)
 Metaspace       used 75933K, committed 77632K, reserved 1179648K
  class space    used 7365K, committed 8128K, reserved 1048576K
}
Event: 33.532 GC heap before
{Heap before GC invocations=2381 (full 4):
 PSYoungGen      total 3584K, used 3424K [0x00000000d5580000, 0x00000000d5b00000, 0x0000000100000000)
  eden space 2560K, 100% used [0x00000000d5580000,0x00000000d5800000,0x00000000d5800000)
  from space 1024K, 84% used [0x00000000d5a00000,0x00000000d5ad8000,0x00000000d5b00000)
  to   space 1536K, 0% used [0x00000000d5800000,0x00000000d5800000,0x00000000d5980000)
 ParOldGen       total 950784K, used 950472K [0x0000000080000000, 0x00000000ba080000, 0x00000000d5580000)
  object space 950784K, 99% used [0x0000000080000000,0x00000000ba032360,0x00000000ba080000)
 Metaspace       used 75933K, committed 77632K, reserved 1179648K
  class space    used 7365K, committed 8128K, reserved 1048576K
}
Event: 33.534 GC heap after
{Heap after GC invocations=2381 (full 4):
 PSYoungGen      total 4096K, used 1504K [0x00000000d5580000, 0x00000000d5d00000, 0x0000000100000000)
  eden space 2560K, 0% used [0x00000000d5580000,0x00000000d5580000,0x00000000d5800000)
  from space 1536K, 97% used [0x00000000d5800000,0x00000000d5978008,0x00000000d5980000)
  to   space 2560K, 0% used [0x00000000d5a80000,0x00000000d5a80000,0x00000000d5d00000)
 ParOldGen       total 951296K, used 951168K [0x0000000080000000, 0x00000000ba100000, 0x00000000d5580000)
  object space 951296K, 99% used [0x0000000080000000,0x00000000ba0e0160,0x00000000ba100000)
 Metaspace       used 75933K, committed 77632K, reserved 1179648K
  class space    used 7365K, committed 8128K, reserved 1048576K
}
Event: 33.550 GC heap before
{Heap before GC invocations=2382 (full 4):
 PSYoungGen      total 4096K, used 4064K [0x00000000d5580000, 0x00000000d5d00000, 0x0000000100000000)
  eden space 2560K, 100% used [0x00000000d5580000,0x00000000d5800000,0x00000000d5800000)
  from space 1536K, 97% used [0x00000000d5800000,0x00000000d5978008,0x00000000d5980000)
  to   space 2560K, 0% used [0x00000000d5a80000,0x00000000d5a80000,0x00000000d5d00000)
 ParOldGen       total 951296K, used 951168K [0x0000000080000000, 0x00000000ba100000, 0x00000000d5580000)
  object space 951296K, 99% used [0x0000000080000000,0x00000000ba0e0160,0x00000000ba100000)
 Metaspace       used 75933K, committed 77632K, reserved 1179648K
  class space    used 7365K, committed 8128K, reserved 1048576K
}
Event: 33.552 GC heap after
{Heap after GC invocations=2382 (full 4):
 PSYoungGen      total 4096K, used 1330K [0x00000000d5580000, 0x00000000d5c00000, 0x0000000100000000)
  eden space 2560K, 0% used [0x00000000d5580000,0x00000000d5580000,0x00000000d5800000)
  from space 1536K, 86% used [0x00000000d5a80000,0x00000000d5bcc808,0x00000000d5c00000)
  to   space 2048K, 0% used [0x00000000d5800000,0x00000000d5800000,0x00000000d5a00000)
 ParOldGen       total 952832K, used 952459K [0x0000000080000000, 0x00000000ba280000, 0x00000000d5580000)
  object space 952832K, 99% used [0x0000000080000000,0x00000000ba222ce0,0x00000000ba280000)
 Metaspace       used 75933K, committed 77632K, reserved 1179648K
  class space    used 7365K, committed 8128K, reserved 1048576K
}
Event: 33.577 GC heap before
{Heap before GC invocations=2383 (full 4):
 PSYoungGen      total 4096K, used 3890K [0x00000000d5580000, 0x00000000d5c00000, 0x0000000100000000)
  eden space 2560K, 100% used [0x00000000d5580000,0x00000000d5800000,0x00000000d5800000)
  from space 1536K, 86% used [0x00000000d5a80000,0x00000000d5bcc808,0x00000000d5c00000)
  to   space 2048K, 0% used [0x00000000d5800000,0x00000000d5800000,0x00000000d5a00000)
 ParOldGen       total 952832K, used 952459K [0x0000000080000000, 0x00000000ba280000, 0x00000000d5580000)
  object space 952832K, 99% used [0x0000000080000000,0x00000000ba222ce0,0x00000000ba280000)
 Metaspace       used 76034K, committed 77760K, reserved 1179648K
  class space    used 7383K, committed 8192K, reserved 1048576K
}

